<?xml version="1.0" encoding="UTF-8"?>
<testsuite name="com.frwhoop.scoring.WholeDaySwiftCorpusTest" tests="9" skipped="0" failures="0" errors="0" timestamp="2026-09-22T06:16:57" hostname="mac-studio.lan" time="0.02">
  <properties/>
  <testcase name="sparseResultsBadModesAndContradictoryBoundsAreRejected" classname="com.frwhoop.scoring.WholeDaySwiftCorpusTest" time="0.003"/>
  <testcase name="exactHashesAndAllCasesAreReadButChangedBytesAreRejected" classname="com.frwhoop.scoring.WholeDaySwiftCorpusTest" time="0.003"/>
  <testcase name="equalCountsChangedIdentityStageOrderAndIntegerPrecisionFail" classname="com.frwhoop.scoring.WholeDaySwiftCorpusTest" time="0.001"/>
  <testcase name="sourceDriftTraversalAndSymlinkAreRejected" classname="com.frwhoop.scoring.WholeDaySwiftCorpusTest" time="0.007"/>
  <testcase name="explicitNullWaistIsAllowedButMissingOrMalformedProfileFieldsAreNot" classname="com.frwhoop.scoring.WholeDaySwiftCorpusTest" time="0.0"/>
  <testcase name="absentCorpusFailsWithoutDatabaseOrAssumptionSkip" classname="com.frwhoop.scoring.WholeDaySwiftCorpusTest" time="0.0"/>
  <testcase name="exactShapesAndFloatToleranceDoNotDependOnJsonNumberSpelling" classname="com.frwhoop.scoring.WholeDaySwiftCorpusTest" time="0.001"/>
  <testcase name="workoutZoneZeroIsAnExistingEngineOutputButUnknownZonesAreRejected" classname="com.frwhoop.scoring.WholeDaySwiftCorpusTest" time="0.0"/>
  <testcase name="futureForeignAndUnorderedHistoryCannotBecomeCheckpointInputs" classname="com.frwhoop.scoring.WholeDaySwiftCorpusTest" time="0.005"/>
  <system-out><![CDATA[]]></system-out>
  <system-err><![CDATA[]]></system-err>
</testsuite>
