<?xml version="1.0" encoding="UTF-8"?>
<testsuite name="com.frwhoop.scoring.DerivedArtifactWriterTest" tests="5" skipped="0" failures="0" errors="0" timestamp="2026-09-22T06:13:46" hostname="mac-studio.lan" time="0.03">
  <properties/>
  <testcase name="payloadOmitsForbiddenKeysAndUsesDailyNightsShape" classname="com.frwhoop.scoring.DerivedArtifactWriterTest" time="0.001"/>
  <testcase name="writerUsesFakePutClientWithoutNetwork" classname="com.frwhoop.scoring.DerivedArtifactWriterTest" time="0.008"/>
  <testcase name="sha256IsOverCompressedBytes" classname="com.frwhoop.scoring.DerivedArtifactWriterTest" time="0.019"/>
  <testcase name="objectKeyIsStable" classname="com.frwhoop.scoring.DerivedArtifactWriterTest" time="0.0"/>
  <testcase name="corruptReadbackCannotBeRegisteredAsVerified" classname="com.frwhoop.scoring.DerivedArtifactWriterTest" time="0.002"/>
  <system-out><![CDATA[]]></system-out>
  <system-err><![CDATA[]]></system-err>
</testsuite>
