<?xml version="1.0" encoding="UTF-8"?>
<testsuite name="com.frwhoop.scoring.PhysiologyPublicationIntegrationTest" tests="16" skipped="0" failures="0" errors="0" timestamp="2026-09-22T06:14:21" hostname="mac-studio.lan" time="1.502">
  <properties/>
  <testcase name="corruptOwnerEnvelopeCannotPublish" classname="com.frwhoop.scoring.PhysiologyPublicationIntegrationTest" time="0.038"/>
  <testcase name="readbackShowsLiveOverrideRevisionAndArchiveStateWithoutAnotherPublication" classname="com.frwhoop.scoring.PhysiologyPublicationIntegrationTest" time="0.147"/>
  <testcase name="readerLoadsAfternoonContextAndEditsWithoutTreatingAnnotationsAsTruth" classname="com.frwhoop.scoring.PhysiologyPublicationIntegrationTest" time="0.25"/>
  <testcase name="fiveMinuteHeartRateReadbackFollowsHrvDeviceAndOwnerSelection" classname="com.frwhoop.scoring.PhysiologyPublicationIntegrationTest" time="0.098"/>
  <testcase name="lateInputRejectsOldPublicationWithoutCreatingRowsOrArchiveWork" classname="com.frwhoop.scoring.PhysiologyPublicationIntegrationTest" time="0.056"/>
  <testcase name="freshUnavailableCalendarResultRetainsReasonWithoutClaimingStaleOrAvailable" classname="com.frwhoop.scoring.PhysiologyPublicationIntegrationTest" time="0.072"/>
  <testcase name="sleepSelectionCannotExposeSeparatelyUnselectedOrRevokedNightlyPhysiology" classname="com.frwhoop.scoring.PhysiologyPublicationIntegrationTest" time="0.099"/>
  <testcase name="heartRateWindowCannotSmuggleAnotherOwnerOrDeviceIntoPublishedResult" classname="com.frwhoop.scoring.PhysiologyPublicationIntegrationTest" time="0.039"/>
  <testcase name="invalidEpisodeAndMeasurementEnvelopeAreRejectedBeforeWrite" classname="com.frwhoop.scoring.PhysiologyPublicationIntegrationTest" time="0.038"/>
  <testcase name="selectedRevisionFreshnessDoesNotExpireHistoricalResultsByWallClockAge" classname="com.frwhoop.scoring.PhysiologyPublicationIntegrationTest" time="0.097"/>
  <testcase name="manualRpcIsOwnerScopedOptimisticAndKeepsTombstones" classname="com.frwhoop.scoring.PhysiologyPublicationIntegrationTest" time="0.201"/>
  <testcase name="deviceSnapshotsAndManualTombstonesRemainIndependent" classname="com.frwhoop.scoring.PhysiologyPublicationIntegrationTest" time="0.146"/>
  <testcase name="archiveFailureIsIndependentlyRetryableAndFenced" classname="com.frwhoop.scoring.PhysiologyPublicationIntegrationTest" time="0.044"/>
  <testcase name="shadowCannotBeSelectedAndAnotherOwnerCannotReadSnapshots" classname="com.frwhoop.scoring.PhysiologyPublicationIntegrationTest" time="0.042"/>
  <testcase name="anApprovedNewManifestCannotPromoteAnOlderV2Snapshot" classname="com.frwhoop.scoring.PhysiologyPublicationIntegrationTest" time="0.076"/>
  <testcase name="publicationIsImmutableAndReplacesTheWholeGeneratedEpisodeSet" classname="com.frwhoop.scoring.PhysiologyPublicationIntegrationTest" time="0.059"/>
  <system-out><![CDATA[]]></system-out>
  <system-err><![CDATA[[Test worker] INFO com.zaxxer.hikari.HikariDataSource - HikariPool-68 - Starting...
[Test worker] INFO com.zaxxer.hikari.pool.HikariPool - HikariPool-68 - Added connection org.postgresql.jdbc.PgConnection@15d0d6c9
[Test worker] INFO com.zaxxer.hikari.HikariDataSource - HikariPool-68 - Start completed.
[Test worker] INFO com.zaxxer.hikari.HikariDataSource - HikariPool-68 - Shutdown initiated...
[Test worker] INFO com.zaxxer.hikari.HikariDataSource - HikariPool-68 - Shutdown completed.
[Test worker] INFO com.zaxxer.hikari.HikariDataSource - HikariPool-69 - Starting...
[Test worker] INFO com.zaxxer.hikari.pool.HikariPool - HikariPool-69 - Added connection org.postgresql.jdbc.PgConnection@3a4aadf8
[Test worker] INFO com.zaxxer.hikari.HikariDataSource - HikariPool-69 - Start completed.
[Test worker] INFO com.zaxxer.hikari.HikariDataSource - HikariPool-69 - Shutdown initiated...
[Test worker] INFO com.zaxxer.hikari.HikariDataSource - HikariPool-69 - Shutdown completed.
[Test worker] INFO com.zaxxer.hikari.HikariDataSource - HikariPool-70 - Starting...
[Test worker] INFO com.zaxxer.hikari.pool.HikariPool - HikariPool-70 - Added connection org.postgresql.jdbc.PgConnection@1f9d4b0e
[Test worker] INFO com.zaxxer.hikari.HikariDataSource - HikariPool-70 - Start completed.
[Test worker] INFO com.zaxxer.hikari.HikariDataSource - HikariPool-70 - Shutdown initiated...
[Test worker] INFO com.zaxxer.hikari.HikariDataSource - HikariPool-70 - Shutdown completed.
[Test worker] INFO com.zaxxer.hikari.HikariDataSource - HikariPool-71 - Starting...
[Test worker] INFO com.zaxxer.hikari.pool.HikariPool - HikariPool-71 - Added connection org.postgresql.jdbc.PgConnection@373052b5
[Test worker] INFO com.zaxxer.hikari.HikariDataSource - HikariPool-71 - Start completed.
[Test worker] INFO com.zaxxer.hikari.HikariDataSource - HikariPool-71 - Shutdown initiated...
[Test worker] INFO com.zaxxer.hikari.HikariDataSource - HikariPool-71 - Shutdown completed.
[Test worker] INFO com.zaxxer.hikari.HikariDataSource - HikariPool-72 - Starting...
[Test worker] INFO com.zaxxer.hikari.pool.HikariPool - HikariPool-72 - Added connection org.postgresql.jdbc.PgConnection@575cabf0
[Test worker] INFO com.zaxxer.hikari.HikariDataSource - HikariPool-72 - Start completed.
[Test worker] INFO com.zaxxer.hikari.HikariDataSource - HikariPool-72 - Shutdown initiated...
[Test worker] INFO com.zaxxer.hikari.HikariDataSource - HikariPool-72 - Shutdown completed.
[Test worker] INFO com.zaxxer.hikari.HikariDataSource - HikariPool-73 - Starting...
[Test worker] INFO com.zaxxer.hikari.pool.HikariPool - HikariPool-73 - Added connection org.postgresql.jdbc.PgConnection@5d66e944
[Test worker] INFO com.zaxxer.hikari.HikariDataSource - HikariPool-73 - Start completed.
[Test worker] INFO com.zaxxer.hikari.HikariDataSource - HikariPool-73 - Shutdown initiated...
[Test worker] INFO com.zaxxer.hikari.HikariDataSource - HikariPool-73 - Shutdown completed.
[Test worker] INFO com.zaxxer.hikari.HikariDataSource - HikariPool-74 - Starting...
[Test worker] INFO com.zaxxer.hikari.pool.HikariPool - HikariPool-74 - Added connection org.postgresql.jdbc.PgConnection@5403799b
[Test worker] INFO com.zaxxer.hikari.HikariDataSource - HikariPool-74 - Start completed.
[Test worker] INFO com.zaxxer.hikari.HikariDataSource - HikariPool-74 - Shutdown initiated...
[Test worker] INFO com.zaxxer.hikari.HikariDataSource - HikariPool-74 - Shutdown completed.
[Test worker] INFO com.zaxxer.hikari.HikariDataSource - HikariPool-75 - Starting...
[Test worker] INFO com.zaxxer.hikari.pool.HikariPool - HikariPool-75 - Added connection org.postgresql.jdbc.PgConnection@3dc40ab9
[Test worker] INFO com.zaxxer.hikari.HikariDataSource - HikariPool-75 - Start completed.
[Test worker] INFO com.zaxxer.hikari.HikariDataSource - HikariPool-75 - Shutdown initiated...
[Test worker] INFO com.zaxxer.hikari.HikariDataSource - HikariPool-75 - Shutdown completed.
[Test worker] INFO com.zaxxer.hikari.HikariDataSource - HikariPool-76 - Starting...
[Test worker] INFO com.zaxxer.hikari.pool.HikariPool - HikariPool-76 - Added connection org.postgresql.jdbc.PgConnection@19489b27
[Test worker] INFO com.zaxxer.hikari.HikariDataSource - HikariPool-76 - Start completed.
[Test worker] INFO com.zaxxer.hikari.HikariDataSource - HikariPool-76 - Shutdown initiated...
[Test worker] INFO com.zaxxer.hikari.HikariDataSource - HikariPool-76 - Shutdown completed.
[Test worker] INFO com.zaxxer.hikari.HikariDataSource - HikariPool-77 - Starting...
[Test worker] INFO com.zaxxer.hikari.pool.HikariPool - HikariPool-77 - Added connection org.postgresql.jdbc.PgConnection@53747c4a
[Test worker] INFO com.zaxxer.hikari.HikariDataSource - HikariPool-77 - Start completed.
[Test worker] INFO com.zaxxer.hikari.HikariDataSource - HikariPool-77 - Shutdown initiated...
[Test worker] INFO com.zaxxer.hikari.HikariDataSource - HikariPool-77 - Shutdown completed.
[Test worker] INFO com.zaxxer.hikari.HikariDataSource - HikariPool-78 - Starting...
[Test worker] INFO com.zaxxer.hikari.pool.HikariPool - HikariPool-78 - Added connection org.postgresql.jdbc.PgConnection@46fc522d
[Test worker] INFO com.zaxxer.hikari.HikariDataSource - HikariPool-78 - Start completed.
[Test worker] INFO com.zaxxer.hikari.HikariDataSource - HikariPool-78 - Shutdown initiated...
[Test worker] INFO com.zaxxer.hikari.HikariDataSource - HikariPool-78 - Shutdown completed.
[Test worker] INFO com.zaxxer.hikari.HikariDataSource - HikariPool-79 - Starting...
[Test worker] INFO com.zaxxer.hikari.pool.HikariPool - HikariPool-79 - Added connection org.postgresql.jdbc.PgConnection@2c719bd4
[Test worker] INFO com.zaxxer.hikari.HikariDataSource - HikariPool-79 - Start completed.
[Test worker] INFO com.zaxxer.hikari.HikariDataSource - HikariPool-79 - Shutdown initiated...
[Test worker] INFO com.zaxxer.hikari.HikariDataSource - HikariPool-79 - Shutdown completed.
[Test worker] INFO com.zaxxer.hikari.HikariDataSource - HikariPool-80 - Starting...
[Test worker] INFO com.zaxxer.hikari.pool.HikariPool - HikariPool-80 - Added connection org.postgresql.jdbc.PgConnection@5d7911d5
[Test worker] INFO com.zaxxer.hikari.HikariDataSource - HikariPool-80 - Start completed.
[Test worker] INFO com.zaxxer.hikari.HikariDataSource - HikariPool-80 - Shutdown initiated...
[Test worker] INFO com.zaxxer.hikari.HikariDataSource - HikariPool-80 - Shutdown completed.
[Test worker] INFO com.zaxxer.hikari.HikariDataSource - HikariPool-81 - Starting...
[Test worker] INFO com.zaxxer.hikari.pool.HikariPool - HikariPool-81 - Added connection org.postgresql.jdbc.PgConnection@7e7743ec
[Test worker] INFO com.zaxxer.hikari.HikariDataSource - HikariPool-81 - Start completed.
[Test worker] INFO com.zaxxer.hikari.HikariDataSource - HikariPool-81 - Shutdown initiated...
[Test worker] INFO com.zaxxer.hikari.HikariDataSource - HikariPool-81 - Shutdown completed.
[Test worker] INFO com.zaxxer.hikari.HikariDataSource - HikariPool-82 - Starting...
[Test worker] INFO com.zaxxer.hikari.pool.HikariPool - HikariPool-82 - Added connection org.postgresql.jdbc.PgConnection@5ef85555
[Test worker] INFO com.zaxxer.hikari.HikariDataSource - HikariPool-82 - Start completed.
[Test worker] INFO com.zaxxer.hikari.HikariDataSource - HikariPool-82 - Shutdown initiated...
[Test worker] INFO com.zaxxer.hikari.HikariDataSource - HikariPool-82 - Shutdown completed.
[Test worker] INFO com.zaxxer.hikari.HikariDataSource - HikariPool-83 - Starting...
[Test worker] INFO com.zaxxer.hikari.pool.HikariPool - HikariPool-83 - Added connection org.postgresql.jdbc.PgConnection@5707f613
[Test worker] INFO com.zaxxer.hikari.HikariDataSource - HikariPool-83 - Start completed.
[Test worker] INFO com.zaxxer.hikari.HikariDataSource - HikariPool-83 - Shutdown initiated...
[Test worker] INFO com.zaxxer.hikari.HikariDataSource - HikariPool-83 - Shutdown completed.
]]></system-err>
</testsuite>
