<?xml version="1.0" encoding="UTF-8"?>
<testsuite name="com.frwhoop.scoring.ScoringRunModeTest" tests="4" skipped="0" failures="0" errors="0" timestamp="2026-09-22T06:16:21" hostname="mac-studio.lan" time="0.001">
  <properties/>
  <testcase name="noArgumentsRemainPersistentWithCompletePartialBlankOrInvalidReplayEnvironment" classname="com.frwhoop.scoring.ScoringRunModeTest" time="0.001"/>
  <testcase name="readOnlyAndArchiveCommandsRemainExplicitEvenWithStaleReplayEnvironment" classname="com.frwhoop.scoring.ScoringRunModeTest" time="0.0"/>
  <testcase name="oneShotReplayRequiresAnExplicitFlagAndRequiredInputs" classname="com.frwhoop.scoring.ScoringRunModeTest" time="0.0"/>
  <testcase name="unknownAndCombinedCommandsAreRejected" classname="com.frwhoop.scoring.ScoringRunModeTest" time="0.0"/>
  <system-out><![CDATA[]]></system-out>
  <system-err><![CDATA[]]></system-err>
</testsuite>
