<?xml version="1.0" encoding="UTF-8"?>
<testsuite name="com.frwhoop.scoring.DayCycleMetricOrchestratorTest" tests="6" skipped="0" failures="0" errors="0" timestamp="2026-09-22T06:13:37" hostname="mac-studio.lan" time="0.027">
  <properties/>
  <testcase name="sleepCounterIncludesPredecessorRejectsBedTwitchAndCountsCoherentBout" classname="com.frwhoop.scoring.DayCycleMetricOrchestratorTest" time="0.005"/>
  <testcase name="immutableCycleIdentitySurvivesEditedBoundsAndCheckpointRestart" classname="com.frwhoop.scoring.DayCycleMetricOrchestratorTest" time="0.001"/>
  <testcase name="cycleUsesOneWindowExistingFormulasAndIgnoresFutureSignalsAndFutureNight" classname="com.frwhoop.scoring.DayCycleMetricOrchestratorTest" time="0.004"/>
  <testcase name="actualZoneWindowsCoverShortLongFractionalAndMiddayTransitionDays" classname="com.frwhoop.scoring.DayCycleMetricOrchestratorTest" time="0.001"/>
  <testcase name="midnightColdStartAndExplicitNapDoNotAccidentallyCreateMainCycle" classname="com.frwhoop.scoring.DayCycleMetricOrchestratorTest" time="0.0"/>
  <testcase name="calendarImportsRemainSeparateFromSleepCycleTotals" classname="com.frwhoop.scoring.DayCycleMetricOrchestratorTest" time="0.016"/>
  <system-out><![CDATA[]]></system-out>
  <system-err><![CDATA[]]></system-err>
</testsuite>
