<?xml version="1.0" encoding="UTF-8"?>
<testsuite name="com.frwhoop.scoring.ContextInputIntegrationTest" tests="8" skipped="0" failures="0" errors="0" timestamp="2026-09-22T06:13:35" hostname="mac-studio.lan" time="1.342">
  <properties/>
  <testcase name="importedSleepFiguresKeepStrictUnitsRangesAndNullableUnknowns" classname="com.frwhoop.scoring.ContextInputIntegrationTest" time="0.312"/>
  <testcase name="importedValuesPreserveUnitsAndSourceIdentityAndRefuseServerFeedback" classname="com.frwhoop.scoring.ContextInputIntegrationTest" time="0.112"/>
  <testcase name="customZoneStepAndCandidatePreferencesRejectWrongTypesAndInvalidRanges" classname="com.frwhoop.scoring.ContextInputIntegrationTest" time="0.098"/>
  <testcase name="dailyContextRetainsUnknownFlagsAndRequiresAffirmativeChoiceProvenance" classname="com.frwhoop.scoring.ContextInputIntegrationTest" time="0.123"/>
  <testcase name="manualWorkoutKeepsNaturalKeyAndRejectsDerivedAndPrivateFields" classname="com.frwhoop.scoring.ContextInputIntegrationTest" time="0.349"/>
  <testcase name="periodStartCannotSilentlyChangeDateAndDeletionIsAnImmutableTombstone" classname="com.frwhoop.scoring.ContextInputIntegrationTest" time="0.154"/>
  <testcase name="dayCycleAndEffortMethodsAreStrictEnumsAndNullableEpochsUseNoReset" classname="com.frwhoop.scoring.ContextInputIntegrationTest" time="0.097"/>
  <testcase name="configGatesAreBooleanAndNoObservationCanBeBackdatedAheadOfItsOwnDay" classname="com.frwhoop.scoring.ContextInputIntegrationTest" time="0.097"/>
  <system-out><![CDATA[]]></system-out>
  <system-err><![CDATA[]]></system-err>
</testsuite>
