<?xml version="1.0" encoding="UTF-8"?>
<testsuite name="com.frwhoop.scoring.HistoricalThermalStateTest" tests="2" skipped="0" failures="0" errors="0" timestamp="2026-09-22T06:14:00" hostname="mac-studio.lan" time="0.013">
  <properties/>
  <testcase name="histogramUsesExistingFunnelPlausibilityAndSampleCountGates" classname="com.frwhoop.scoring.HistoricalThermalStateTest" time="0.006"/>
  <testcase name="anchorChangeRefoldsStrictlyPriorRawEvidenceOnCommonScaleInsteadOfFakingDeviation" classname="com.frwhoop.scoring.HistoricalThermalStateTest" time="0.007"/>
  <system-out><![CDATA[]]></system-out>
  <system-err><![CDATA[]]></system-err>
</testsuite>
