<?xml version="1.0" encoding="UTF-8"?>
<testsuite name="com.frwhoop.scoring.PhysiologyDependencyIntegrationTest" tests="11" skipped="0" failures="0" errors="0" timestamp="2026-09-22T06:14:18" hostname="mac-studio.lan" time="1.088">
  <properties/>
  <testcase name="derivedOnlyRefreshKeepsHistoryAvailableAndDoesNotCascade" classname="com.frwhoop.scoring.PhysiologyDependencyIntegrationTest" time="0.062"/>
  <testcase name="historyDependencyIncludesEachPriorNightWindowsDstBound" classname="com.frwhoop.scoring.PhysiologyDependencyIntegrationTest" time="0.082"/>
  <testcase name="identicalMeasurementRestorationStillRepairsAnAbsentHistoryRun" classname="com.frwhoop.scoring.PhysiologyDependencyIntegrationTest" time="0.074"/>
  <testcase name="publicationArrivalAfterLaterCommitStillInvalidatesThatCommit" classname="com.frwhoop.scoring.PhysiologyDependencyIntegrationTest" time="0.096"/>
  <testcase name="rawCorrectionCoversEachPriorNightWindowsHistoryButNotDay30" classname="com.frwhoop.scoring.PhysiologyDependencyIntegrationTest" time="0.218"/>
  <testcase name="eligibilityLossAndScalarChangesInvalidateButArrayOrderDoesNot" classname="com.frwhoop.scoring.PhysiologyDependencyIntegrationTest" time="0.06"/>
  <testcase name="laterDayCanFinishWhileEarlierFailsAndIsRepairedOnArrival" classname="com.frwhoop.scoring.PhysiologyDependencyIntegrationTest" time="0.059"/>
  <testcase name="earlierArrivalRevokesAnAlreadyRunningLaterLease" classname="com.frwhoop.scoring.PhysiologyDependencyIntegrationTest" time="0.055"/>
  <testcase name="newCalendarCreationAndPublicationCannotMissEachOthersUncommittedRows" classname="com.frwhoop.scoring.PhysiologyDependencyIntegrationTest" time="0.167"/>
  <testcase name="readerRetainsTheOldestPriorNightHistoryBandWithoutIncludingEarlierWindows" classname="com.frwhoop.scoring.PhysiologyDependencyIntegrationTest" time="0.066"/>
  <testcase name="dependenciesStayWithinOwnerDeviceAndDoNotCreateOrRunFutureJobs" classname="com.frwhoop.scoring.PhysiologyDependencyIntegrationTest" time="0.149"/>
  <system-out><![CDATA[]]></system-out>
  <system-err><![CDATA[[Test worker] INFO com.zaxxer.hikari.HikariDataSource - HikariPool-39 - Starting...
[Test worker] INFO com.zaxxer.hikari.pool.HikariPool - HikariPool-39 - Added connection org.postgresql.jdbc.PgConnection@76bf1bb8
[Test worker] INFO com.zaxxer.hikari.HikariDataSource - HikariPool-39 - Start completed.
[Test worker] INFO com.zaxxer.hikari.HikariDataSource - HikariPool-39 - Shutdown initiated...
[Test worker] INFO com.zaxxer.hikari.HikariDataSource - HikariPool-39 - Shutdown completed.
[Test worker] INFO com.zaxxer.hikari.HikariDataSource - HikariPool-40 - Starting...
[Test worker] INFO com.zaxxer.hikari.pool.HikariPool - HikariPool-40 - Added connection org.postgresql.jdbc.PgConnection@7b5b5bfe
[Test worker] INFO com.zaxxer.hikari.HikariDataSource - HikariPool-40 - Start completed.
[Test worker] INFO com.zaxxer.hikari.HikariDataSource - HikariPool-40 - Shutdown initiated...
[Test worker] INFO com.zaxxer.hikari.HikariDataSource - HikariPool-40 - Shutdown completed.
[Test worker] INFO com.zaxxer.hikari.HikariDataSource - HikariPool-41 - Starting...
[Test worker] INFO com.zaxxer.hikari.pool.HikariPool - HikariPool-41 - Added connection org.postgresql.jdbc.PgConnection@6d229b1c
[Test worker] INFO com.zaxxer.hikari.HikariDataSource - HikariPool-41 - Start completed.
[Test worker] INFO com.zaxxer.hikari.HikariDataSource - HikariPool-41 - Shutdown initiated...
[Test worker] INFO com.zaxxer.hikari.HikariDataSource - HikariPool-41 - Shutdown completed.
[Test worker] INFO com.zaxxer.hikari.HikariDataSource - HikariPool-42 - Starting...
[Test worker] INFO com.zaxxer.hikari.pool.HikariPool - HikariPool-42 - Added connection org.postgresql.jdbc.PgConnection@54b2fc58
[Test worker] INFO com.zaxxer.hikari.HikariDataSource - HikariPool-42 - Start completed.
[Test worker] INFO com.zaxxer.hikari.HikariDataSource - HikariPool-42 - Shutdown initiated...
[Test worker] INFO com.zaxxer.hikari.HikariDataSource - HikariPool-42 - Shutdown completed.
[Test worker] INFO com.zaxxer.hikari.HikariDataSource - HikariPool-43 - Starting...
[Test worker] INFO com.zaxxer.hikari.pool.HikariPool - HikariPool-43 - Added connection org.postgresql.jdbc.PgConnection@ef718de
[Test worker] INFO com.zaxxer.hikari.HikariDataSource - HikariPool-43 - Start completed.
[Test worker] INFO com.zaxxer.hikari.HikariDataSource - HikariPool-43 - Shutdown initiated...
[Test worker] INFO com.zaxxer.hikari.HikariDataSource - HikariPool-43 - Shutdown completed.
[Test worker] INFO com.zaxxer.hikari.HikariDataSource - HikariPool-44 - Starting...
[Test worker] INFO com.zaxxer.hikari.pool.HikariPool - HikariPool-44 - Added connection org.postgresql.jdbc.PgConnection@32faa16c
[Test worker] INFO com.zaxxer.hikari.HikariDataSource - HikariPool-44 - Start completed.
[Test worker] INFO com.zaxxer.hikari.HikariDataSource - HikariPool-44 - Shutdown initiated...
[Test worker] INFO com.zaxxer.hikari.HikariDataSource - HikariPool-44 - Shutdown completed.
[Test worker] INFO com.zaxxer.hikari.HikariDataSource - HikariPool-45 - Starting...
[Test worker] INFO com.zaxxer.hikari.pool.HikariPool - HikariPool-45 - Added connection org.postgresql.jdbc.PgConnection@1d0cac30
[Test worker] INFO com.zaxxer.hikari.HikariDataSource - HikariPool-45 - Start completed.
[Test worker] INFO com.zaxxer.hikari.HikariDataSource - HikariPool-45 - Shutdown initiated...
[Test worker] INFO com.zaxxer.hikari.HikariDataSource - HikariPool-45 - Shutdown completed.
[Test worker] INFO com.zaxxer.hikari.HikariDataSource - HikariPool-46 - Starting...
[Test worker] INFO com.zaxxer.hikari.pool.HikariPool - HikariPool-46 - Added connection org.postgresql.jdbc.PgConnection@6f5bd362
[Test worker] INFO com.zaxxer.hikari.HikariDataSource - HikariPool-46 - Start completed.
[Test worker] INFO com.zaxxer.hikari.HikariDataSource - HikariPool-46 - Shutdown initiated...
[Test worker] INFO com.zaxxer.hikari.HikariDataSource - HikariPool-46 - Shutdown completed.
[Test worker] INFO com.zaxxer.hikari.HikariDataSource - HikariPool-47 - Starting...
[Test worker] INFO com.zaxxer.hikari.pool.HikariPool - HikariPool-47 - Added connection org.postgresql.jdbc.PgConnection@214beff9
[Test worker] INFO com.zaxxer.hikari.HikariDataSource - HikariPool-47 - Start completed.
[Test worker] INFO com.zaxxer.hikari.HikariDataSource - HikariPool-47 - Shutdown initiated...
[Test worker] INFO com.zaxxer.hikari.HikariDataSource - HikariPool-47 - Shutdown completed.
[Test worker] INFO com.zaxxer.hikari.HikariDataSource - HikariPool-48 - Starting...
[Test worker] INFO com.zaxxer.hikari.pool.HikariPool - HikariPool-48 - Added connection org.postgresql.jdbc.PgConnection@d611f1c
[Test worker] INFO com.zaxxer.hikari.HikariDataSource - HikariPool-48 - Start completed.
[Test worker] INFO com.zaxxer.hikari.HikariDataSource - HikariPool-48 - Shutdown initiated...
[Test worker] INFO com.zaxxer.hikari.HikariDataSource - HikariPool-48 - Shutdown completed.
[Test worker] INFO com.zaxxer.hikari.HikariDataSource - HikariPool-49 - Starting...
[Test worker] INFO com.zaxxer.hikari.pool.HikariPool - HikariPool-49 - Added connection org.postgresql.jdbc.PgConnection@e91b4f4
[Test worker] INFO com.zaxxer.hikari.HikariDataSource - HikariPool-49 - Start completed.
[Test worker] INFO com.zaxxer.hikari.HikariDataSource - HikariPool-49 - Shutdown initiated...
[Test worker] INFO com.zaxxer.hikari.HikariDataSource - HikariPool-49 - Shutdown completed.
]]></system-err>
</testsuite>
