<?xml version="1.0" encoding="UTF-8"?>
<testsuite name="com.frwhoop.scoring.UserDayBoundsTest" tests="3" skipped="0" failures="0" errors="0" timestamp="2026-09-22T06:16:56" hostname="mac-studio.lan" time="0.001">
  <properties/>
  <testcase name="localDayKeyUsesUserZoneNotUtc" classname="com.frwhoop.scoring.UserDayBoundsTest" time="0.0"/>
  <testcase name="autumnRepeatedHourAndAfternoonAreIncluded" classname="com.frwhoop.scoring.UserDayBoundsTest" time="0.001"/>
  <testcase name="dstSpringForwardUsesOffsetAtDayStart" classname="com.frwhoop.scoring.UserDayBoundsTest" time="0.0"/>
  <system-out><![CDATA[]]></system-out>
  <system-err><![CDATA[]]></system-err>
</testsuite>
