<?xml version="1.0" encoding="UTF-8"?>
<testsuite name="com.frwhoop.scoring.ContextMetricTimezoneTest" tests="2" skipped="0" failures="0" errors="0" timestamp="2026-09-22T06:13:36" hostname="mac-studio.lan" time="0.047">
  <properties/>
  <testcase name="actualShortLongAndFractionalOffsetDayBoundsPreserveWakingBuckets" classname="com.frwhoop.scoring.ContextMetricTimezoneTest" time="0.043"/>
  <testcase name="additiveTimezonePathMatchesLegacyFixedOffsetWithoutTransition" classname="com.frwhoop.scoring.ContextMetricTimezoneTest" time="0.004"/>
  <system-out><![CDATA[]]></system-out>
  <system-err><![CDATA[]]></system-err>
</testsuite>
