<?xml version="1.0" encoding="UTF-8"?>
<testsuite name="com.frwhoop.scoring.ScoringWorkQueueIntegrationTest" tests="22" skipped="0" failures="0" errors="0" timestamp="2026-09-22T06:16:21" hostname="mac-studio.lan" time="20.642">
  <properties/>
  <testcase name="publicationRowLockSerializesConcurrentNewInputUntilCommit" classname="com.frwhoop.scoring.ScoringWorkQueueIntegrationTest" time="0.12"/>
  <testcase name="unrepresentableSensorClockIsPreservedWithoutBlockingDurableIngest" classname="com.frwhoop.scoring.ScoringWorkQueueIntegrationTest" time="0.024"/>
  <testcase name="candidateSelectionSkipsOnlyTheLeasedDeviceAndRecoversAfterExpiry" classname="com.frwhoop.scoring.ScoringWorkQueueIntegrationTest" time="0.075"/>
  <testcase name="twoWorkersCannotClaimSameLiveRevision" classname="com.frwhoop.scoring.ScoringWorkQueueIntegrationTest" time="0.073"/>
  <testcase name="tenantAndDeviceOwnershipCannotBeForgedAndAuthenticatedCannotOperateQueue" classname="com.frwhoop.scoring.ScoringWorkQueueIntegrationTest" time="0.074"/>
  <testcase name="movedManualDetailBoundsInvalidateOldAndNewPeriods" classname="com.frwhoop.scoring.ScoringWorkQueueIntegrationTest" time="0.322"/>
  <testcase name="pendingArrivalsKeepEarliestDueWithoutAllowingAnOldRevisionToPublish" classname="com.frwhoop.scoring.ScoringWorkQueueIntegrationTest" time="0.149"/>
  <testcase name="timezoneChangeDoesNotMoveLateHistoricalRecordsAndDstUsesCalendarDays" classname="com.frwhoop.scoring.ScoringWorkQueueIntegrationTest" time="0.228"/>
  <testcase name="moreThan350SuccessfulRevisionsRemainRunnable" classname="com.frwhoop.scoring.ScoringWorkQueueIntegrationTest" time="6.196"/>
  <testcase name="leaseThatExpiresWhileWaitingForLockCannotPublishOrRenew" classname="com.frwhoop.scoring.ScoringWorkQueueIntegrationTest" time="1.858"/>
  <testcase name="bulkArrivalCoalescesAndTransactionRollbackCannotDirty" classname="com.frwhoop.scoring.ScoringWorkQueueIntegrationTest" time="9.331"/>
  <testcase name="newInputAndExpiredLeaseFenceEveryOldMutation" classname="com.frwhoop.scoring.ScoringWorkQueueIntegrationTest" time="0.063"/>
  <testcase name="deviceFamilyCorrectionInvalidatesButLastSeenDoesNot" classname="com.frwhoop.scoring.ScoringWorkQueueIntegrationTest" time="0.078"/>
  <testcase name="durableArrivalAndCorrectionCommitWithRevisionAndInvalidateFollowingDay" classname="com.frwhoop.scoring.ScoringWorkQueueIntegrationTest" time="0.361"/>
  <testcase name="migrationResetsLegacySuccessAttemptsAndCatchesExistingAuxiliarySignals" classname="com.frwhoop.scoring.ScoringWorkQueueIntegrationTest" time="0.023"/>
  <testcase name="candidateCursorKeepsMicrosecondTimestampsAndAllIdentityTieBreakers" classname="com.frwhoop.scoring.ScoringWorkQueueIntegrationTest" time="0.092"/>
  <testcase name="nullLeaseArgumentsCannotBypassFence" classname="com.frwhoop.scoring.ScoringWorkQueueIntegrationTest" time="0.042"/>
  <testcase name="fractionalTimezoneMidnightIncludesLastPointOfBulkStatement" classname="com.frwhoop.scoring.ScoringWorkQueueIntegrationTest" time="0.186"/>
  <testcase name="rawRequiresDigestAndDecoderVerificationAndBeforeTriggerDoesNotCancelDml" classname="com.frwhoop.scoring.ScoringWorkQueueIntegrationTest" time="0.233"/>
  <testcase name="allAuxiliarySignalsAndManualChangesDirtyWithoutHrArrival" classname="com.frwhoop.scoring.ScoringWorkQueueIntegrationTest" time="0.946"/>
  <testcase name="deletingUnverifiedRawObjectDoesNotCreatePhysiologyWork" classname="com.frwhoop.scoring.ScoringWorkQueueIntegrationTest" time="0.095"/>
  <testcase name="failureBudgetBelongsToRevisionAndWaitingDoesNotConsumeIt" classname="com.frwhoop.scoring.ScoringWorkQueueIntegrationTest" time="0.073"/>
  <system-out><![CDATA[]]></system-out>
  <system-err><![CDATA[[Test worker] INFO com.zaxxer.hikari.HikariDataSource - HikariPool-117 - Starting...
[Test worker] INFO com.zaxxer.hikari.pool.HikariPool - HikariPool-117 - Added connection org.postgresql.jdbc.PgConnection@429f0ca8
[Test worker] INFO com.zaxxer.hikari.HikariDataSource - HikariPool-117 - Start completed.
[Test worker] INFO com.zaxxer.hikari.HikariDataSource - HikariPool-117 - Shutdown initiated...
[Test worker] INFO com.zaxxer.hikari.HikariDataSource - HikariPool-117 - Shutdown completed.
[Test worker] INFO com.zaxxer.hikari.HikariDataSource - HikariPool-118 - Starting...
[Test worker] INFO com.zaxxer.hikari.pool.HikariPool - HikariPool-118 - Added connection org.postgresql.jdbc.PgConnection@58bad46f
[Test worker] INFO com.zaxxer.hikari.HikariDataSource - HikariPool-118 - Start completed.
[Test worker] INFO com.zaxxer.hikari.HikariDataSource - HikariPool-118 - Shutdown initiated...
[Test worker] INFO com.zaxxer.hikari.HikariDataSource - HikariPool-118 - Shutdown completed.
[Test worker] INFO com.zaxxer.hikari.HikariDataSource - HikariPool-119 - Starting...
[Test worker] INFO com.zaxxer.hikari.pool.HikariPool - HikariPool-119 - Added connection org.postgresql.jdbc.PgConnection@6f112f70
[Test worker] INFO com.zaxxer.hikari.HikariDataSource - HikariPool-119 - Start completed.
[Test worker] INFO com.zaxxer.hikari.HikariDataSource - HikariPool-119 - Shutdown initiated...
[Test worker] INFO com.zaxxer.hikari.HikariDataSource - HikariPool-119 - Shutdown completed.
[Test worker] INFO com.zaxxer.hikari.HikariDataSource - HikariPool-120 - Starting...
[Test worker] INFO com.zaxxer.hikari.pool.HikariPool - HikariPool-120 - Added connection org.postgresql.jdbc.PgConnection@26270b77
[Test worker] INFO com.zaxxer.hikari.HikariDataSource - HikariPool-120 - Start completed.
[Test worker] INFO com.zaxxer.hikari.HikariDataSource - HikariPool-120 - Shutdown initiated...
[Test worker] INFO com.zaxxer.hikari.HikariDataSource - HikariPool-120 - Shutdown completed.
[Test worker] INFO com.zaxxer.hikari.HikariDataSource - HikariPool-121 - Starting...
[Test worker] INFO com.zaxxer.hikari.pool.HikariPool - HikariPool-121 - Added connection org.postgresql.jdbc.PgConnection@290c266c
[Test worker] INFO com.zaxxer.hikari.HikariDataSource - HikariPool-121 - Start completed.
[Test worker] INFO com.zaxxer.hikari.HikariDataSource - HikariPool-121 - Shutdown initiated...
[Test worker] INFO com.zaxxer.hikari.HikariDataSource - HikariPool-121 - Shutdown completed.
[Test worker] INFO com.zaxxer.hikari.HikariDataSource - HikariPool-122 - Starting...
[Test worker] INFO com.zaxxer.hikari.pool.HikariPool - HikariPool-122 - Added connection org.postgresql.jdbc.PgConnection@73385d3f
[Test worker] INFO com.zaxxer.hikari.HikariDataSource - HikariPool-122 - Start completed.
[Test worker] INFO com.zaxxer.hikari.HikariDataSource - HikariPool-122 - Shutdown initiated...
[Test worker] INFO com.zaxxer.hikari.HikariDataSource - HikariPool-122 - Shutdown completed.
[Test worker] INFO com.zaxxer.hikari.HikariDataSource - HikariPool-123 - Starting...
[Test worker] INFO com.zaxxer.hikari.pool.HikariPool - HikariPool-123 - Added connection org.postgresql.jdbc.PgConnection@70777a65
[Test worker] INFO com.zaxxer.hikari.HikariDataSource - HikariPool-123 - Start completed.
[Test worker] INFO com.zaxxer.hikari.HikariDataSource - HikariPool-123 - Shutdown initiated...
[Test worker] INFO com.zaxxer.hikari.HikariDataSource - HikariPool-123 - Shutdown completed.
[Test worker] INFO com.zaxxer.hikari.HikariDataSource - HikariPool-124 - Starting...
[Test worker] INFO com.zaxxer.hikari.pool.HikariPool - HikariPool-124 - Added connection org.postgresql.jdbc.PgConnection@5b0e9e0c
[Test worker] INFO com.zaxxer.hikari.HikariDataSource - HikariPool-124 - Start completed.
[Test worker] INFO com.zaxxer.hikari.HikariDataSource - HikariPool-124 - Shutdown initiated...
[Test worker] INFO com.zaxxer.hikari.HikariDataSource - HikariPool-124 - Shutdown completed.
[Test worker] INFO com.zaxxer.hikari.HikariDataSource - HikariPool-125 - Starting...
[Test worker] INFO com.zaxxer.hikari.pool.HikariPool - HikariPool-125 - Added connection org.postgresql.jdbc.PgConnection@5341641d
[Test worker] INFO com.zaxxer.hikari.HikariDataSource - HikariPool-125 - Start completed.
[Test worker] INFO com.zaxxer.hikari.HikariDataSource - HikariPool-125 - Shutdown initiated...
[Test worker] INFO com.zaxxer.hikari.HikariDataSource - HikariPool-125 - Shutdown completed.
[Test worker] INFO com.zaxxer.hikari.HikariDataSource - HikariPool-126 - Starting...
[Test worker] INFO com.zaxxer.hikari.pool.HikariPool - HikariPool-126 - Added connection org.postgresql.jdbc.PgConnection@32e65852
[Test worker] INFO com.zaxxer.hikari.HikariDataSource - HikariPool-126 - Start completed.
[Test worker] INFO com.zaxxer.hikari.HikariDataSource - HikariPool-126 - Shutdown initiated...
[Test worker] INFO com.zaxxer.hikari.HikariDataSource - HikariPool-126 - Shutdown completed.
[Test worker] INFO com.zaxxer.hikari.HikariDataSource - HikariPool-127 - Starting...
[Test worker] INFO com.zaxxer.hikari.pool.HikariPool - HikariPool-127 - Added connection org.postgresql.jdbc.PgConnection@2904bc56
[Test worker] INFO com.zaxxer.hikari.HikariDataSource - HikariPool-127 - Start completed.
[Test worker] INFO com.zaxxer.hikari.HikariDataSource - HikariPool-127 - Shutdown initiated...
[Test worker] INFO com.zaxxer.hikari.HikariDataSource - HikariPool-127 - Shutdown completed.
[Test worker] INFO com.zaxxer.hikari.HikariDataSource - HikariPool-128 - Starting...
[Test worker] INFO com.zaxxer.hikari.pool.HikariPool - HikariPool-128 - Added connection org.postgresql.jdbc.PgConnection@432f4626
[Test worker] INFO com.zaxxer.hikari.HikariDataSource - HikariPool-128 - Start completed.
[Test worker] INFO com.zaxxer.hikari.HikariDataSource - HikariPool-128 - Shutdown initiated...
[Test worker] INFO com.zaxxer.hikari.HikariDataSource - HikariPool-128 - Shutdown completed.
[Test worker] INFO com.zaxxer.hikari.HikariDataSource - HikariPool-129 - Starting...
[Test worker] INFO com.zaxxer.hikari.pool.HikariPool - HikariPool-129 - Added connection org.postgresql.jdbc.PgConnection@4ad3969
[Test worker] INFO com.zaxxer.hikari.HikariDataSource - HikariPool-129 - Start completed.
[Test worker] INFO com.zaxxer.hikari.HikariDataSource - HikariPool-129 - Shutdown initiated...
[Test worker] INFO com.zaxxer.hikari.HikariDataSource - HikariPool-129 - Shutdown completed.
[Test worker] INFO com.zaxxer.hikari.HikariDataSource - HikariPool-130 - Starting...
[Test worker] INFO com.zaxxer.hikari.pool.HikariPool - HikariPool-130 - Added connection org.postgresql.jdbc.PgConnection@7d5a0b14
[Test worker] INFO com.zaxxer.hikari.HikariDataSource - HikariPool-130 - Start completed.
[Test worker] INFO com.zaxxer.hikari.HikariDataSource - HikariPool-130 - Shutdown initiated...
[Test worker] INFO com.zaxxer.hikari.HikariDataSource - HikariPool-130 - Shutdown completed.
[Test worker] INFO com.zaxxer.hikari.HikariDataSource - HikariPool-131 - Starting...
[Test worker] INFO com.zaxxer.hikari.pool.HikariPool - HikariPool-131 - Added connection org.postgresql.jdbc.PgConnection@1f3f434
[Test worker] INFO com.zaxxer.hikari.HikariDataSource - HikariPool-131 - Start completed.
[Test worker] INFO com.zaxxer.hikari.HikariDataSource - HikariPool-131 - Shutdown initiated...
[Test worker] INFO com.zaxxer.hikari.HikariDataSource - HikariPool-131 - Shutdown completed.
[Test worker] INFO com.zaxxer.hikari.HikariDataSource - HikariPool-132 - Starting...
[Test worker] INFO com.zaxxer.hikari.pool.HikariPool - HikariPool-132 - Added connection org.postgresql.jdbc.PgConnection@7619fbe7
[Test worker] INFO com.zaxxer.hikari.HikariDataSource - HikariPool-132 - Start completed.
[Test worker] INFO com.zaxxer.hikari.HikariDataSource - HikariPool-132 - Shutdown initiated...
[Test worker] INFO com.zaxxer.hikari.HikariDataSource - HikariPool-132 - Shutdown completed.
[Test worker] INFO com.zaxxer.hikari.HikariDataSource - HikariPool-133 - Starting...
[Test worker] INFO com.zaxxer.hikari.pool.HikariPool - HikariPool-133 - Added connection org.postgresql.jdbc.PgConnection@146833a2
[Test worker] INFO com.zaxxer.hikari.HikariDataSource - HikariPool-133 - Start completed.
[Test worker] INFO com.zaxxer.hikari.HikariDataSource - HikariPool-133 - Shutdown initiated...
[Test worker] INFO com.zaxxer.hikari.HikariDataSource - HikariPool-133 - Shutdown completed.
[Test worker] INFO com.zaxxer.hikari.HikariDataSource - HikariPool-134 - Starting...
[Test worker] INFO com.zaxxer.hikari.pool.HikariPool - HikariPool-134 - Added connection org.postgresql.jdbc.PgConnection@44106e25
[Test worker] INFO com.zaxxer.hikari.HikariDataSource - HikariPool-134 - Start completed.
[Test worker] INFO com.zaxxer.hikari.HikariDataSource - HikariPool-134 - Shutdown initiated...
[Test worker] INFO com.zaxxer.hikari.HikariDataSource - HikariPool-134 - Shutdown completed.
[Test worker] INFO com.zaxxer.hikari.HikariDataSource - HikariPool-135 - Starting...
[Test worker] INFO com.zaxxer.hikari.pool.HikariPool - HikariPool-135 - Added connection org.postgresql.jdbc.PgConnection@4e3ee457
[Test worker] INFO com.zaxxer.hikari.HikariDataSource - HikariPool-135 - Start completed.
[Test worker] INFO com.zaxxer.hikari.HikariDataSource - HikariPool-135 - Shutdown initiated...
[Test worker] INFO com.zaxxer.hikari.HikariDataSource - HikariPool-135 - Shutdown completed.
[Test worker] INFO com.zaxxer.hikari.HikariDataSource - HikariPool-136 - Starting...
[Test worker] INFO com.zaxxer.hikari.pool.HikariPool - HikariPool-136 - Added connection org.postgresql.jdbc.PgConnection@6585df70
[Test worker] INFO com.zaxxer.hikari.HikariDataSource - HikariPool-136 - Start completed.
[Test worker] INFO com.zaxxer.hikari.HikariDataSource - HikariPool-136 - Shutdown initiated...
[Test worker] INFO com.zaxxer.hikari.HikariDataSource - HikariPool-136 - Shutdown completed.
[Test worker] INFO com.zaxxer.hikari.HikariDataSource - HikariPool-137 - Starting...
[Test worker] INFO com.zaxxer.hikari.pool.HikariPool - HikariPool-137 - Added connection org.postgresql.jdbc.PgConnection@2270f58d
[Test worker] INFO com.zaxxer.hikari.HikariDataSource - HikariPool-137 - Start completed.
[Test worker] INFO com.zaxxer.hikari.HikariDataSource - HikariPool-137 - Shutdown initiated...
[Test worker] INFO com.zaxxer.hikari.HikariDataSource - HikariPool-137 - Shutdown completed.
[Test worker] INFO com.zaxxer.hikari.HikariDataSource - HikariPool-138 - Starting...
[Test worker] INFO com.zaxxer.hikari.pool.HikariPool - HikariPool-138 - Added connection org.postgresql.jdbc.PgConnection@66b90ab3
[Test worker] INFO com.zaxxer.hikari.HikariDataSource - HikariPool-138 - Start completed.
[Test worker] INFO com.zaxxer.hikari.HikariDataSource - HikariPool-138 - Shutdown initiated...
[Test worker] INFO com.zaxxer.hikari.HikariDataSource - HikariPool-138 - Shutdown completed.
]]></system-err>
</testsuite>
