<?xml version="1.0" encoding="UTF-8"?>
<testsuite name="com.frwhoop.scoring.MotionEvidenceIntegrationTest" tests="4" skipped="0" failures="0" errors="0" timestamp="2026-09-22T06:14:17" hostname="mac-studio.lan" time="1.185">
  <properties/>
  <testcase name="historicalPlausibleCoercedOrientationIsUnavailableAndNewOrientationOnlyRowsSurvive" classname="com.frwhoop.scoring.MotionEvidenceIntegrationTest" time="0.326"/>
  <testcase name="proofAdditionAndRemovalInvalidateInputRevisionWithoutChangingStoredScalar" classname="com.frwhoop.scoring.MotionEvidenceIntegrationTest" time="0.359"/>
  <testcase name="unknownProofAndImpossibleQualifiedDynamicAccelerationAreRejected" classname="com.frwhoop.scoring.MotionEvidenceIntegrationTest" time="0.022"/>
  <testcase name="legacyStoredZerosAndValuesRemainEvidenceUnavailableWhileQualifiedZeroSurvives" classname="com.frwhoop.scoring.MotionEvidenceIntegrationTest" time="0.478"/>
  <system-out><![CDATA[]]></system-out>
  <system-err><![CDATA[[Test worker] INFO com.zaxxer.hikari.HikariDataSource - HikariPool-35 - Starting...
[Test worker] INFO com.zaxxer.hikari.pool.HikariPool - HikariPool-35 - Added connection org.postgresql.jdbc.PgConnection@6e31d989
[Test worker] INFO com.zaxxer.hikari.HikariDataSource - HikariPool-35 - Start completed.
[Test worker] INFO com.zaxxer.hikari.HikariDataSource - HikariPool-35 - Shutdown initiated...
[Test worker] INFO com.zaxxer.hikari.HikariDataSource - HikariPool-35 - Shutdown completed.
[Test worker] INFO com.zaxxer.hikari.HikariDataSource - HikariPool-36 - Starting...
[Test worker] INFO com.zaxxer.hikari.pool.HikariPool - HikariPool-36 - Added connection org.postgresql.jdbc.PgConnection@2b916808
[Test worker] INFO com.zaxxer.hikari.HikariDataSource - HikariPool-36 - Start completed.
[Test worker] INFO com.zaxxer.hikari.HikariDataSource - HikariPool-36 - Shutdown initiated...
[Test worker] INFO com.zaxxer.hikari.HikariDataSource - HikariPool-36 - Shutdown completed.
[Test worker] INFO com.zaxxer.hikari.HikariDataSource - HikariPool-37 - Starting...
[Test worker] INFO com.zaxxer.hikari.pool.HikariPool - HikariPool-37 - Added connection org.postgresql.jdbc.PgConnection@39c85c1a
[Test worker] INFO com.zaxxer.hikari.HikariDataSource - HikariPool-37 - Start completed.
[Test worker] INFO com.zaxxer.hikari.HikariDataSource - HikariPool-37 - Shutdown initiated...
[Test worker] INFO com.zaxxer.hikari.HikariDataSource - HikariPool-37 - Shutdown completed.
[Test worker] INFO com.zaxxer.hikari.HikariDataSource - HikariPool-38 - Starting...
[Test worker] INFO com.zaxxer.hikari.pool.HikariPool - HikariPool-38 - Added connection org.postgresql.jdbc.PgConnection@3878be7b
[Test worker] INFO com.zaxxer.hikari.HikariDataSource - HikariPool-38 - Start completed.
[Test worker] INFO com.zaxxer.hikari.HikariDataSource - HikariPool-38 - Shutdown initiated...
[Test worker] INFO com.zaxxer.hikari.HikariDataSource - HikariPool-38 - Shutdown completed.
]]></system-err>
</testsuite>
