<?xml version="1.0" encoding="UTF-8"?>
<testsuite name="com.frwhoop.scoring.SignalInventoryCommandTest" tests="4" skipped="0" failures="0" errors="0" timestamp="2026-09-22T06:16:42" hostname="mac-studio.lan" time="0.002">
  <properties/>
  <testcase name="optionalNightWindowRetainsHalfOpenWholeSecondBounds" classname="com.frwhoop.scoring.SignalInventoryCommandTest" time="0.001"/>
  <testcase name="explicitOwnerDeviceAndDateAreRequiredWithoutScoringSecrets" classname="com.frwhoop.scoring.SignalInventoryCommandTest" time="0.0"/>
  <testcase name="PartialFractionalOrReversedBoundsCannotBeSilentlyCoerced" classname="com.frwhoop.scoring.SignalInventoryCommandTest" time="0.0"/>
  <testcase name="unknownOrCombinedCommandsFailBeforeScoringInitialization" classname="com.frwhoop.scoring.SignalInventoryCommandTest" time="0.001"/>
  <system-out><![CDATA[]]></system-out>
  <system-err><![CDATA[]]></system-err>
</testsuite>
