<?xml version="1.0" encoding="UTF-8"?>
<testsuite name="com.frwhoop.scoring.SignalReaderIntegrationTest" tests="3" skipped="0" failures="0" errors="0" timestamp="2026-09-22T06:16:42" hostname="mac-studio.lan" time="0.158">
  <properties/>
  <testcase name="fullDayInputIncludesAfternoonAndTimezoneProvenance" classname="com.frwhoop.scoring.SignalReaderIntegrationTest" time="0.051"/>
  <testcase name="whoop4RetainsUnlabelledBeatsButRejectsSuspectAndSpo2Ibi" classname="com.frwhoop.scoring.SignalReaderIntegrationTest" time="0.054"/>
  <testcase name="canonicalWhoop5WindowExcludesLegacyOtherChannelAndSuspectRows" classname="com.frwhoop.scoring.SignalReaderIntegrationTest" time="0.053"/>
  <system-out><![CDATA[]]></system-out>
  <system-err><![CDATA[]]></system-err>
</testsuite>
