<?xml version="1.0" encoding="UTF-8"?>
<testsuite name="com.frwhoop.scoring.VendorImportIntegrationTest" tests="3" skipped="0" failures="0" errors="0" timestamp="2026-09-22T06:16:56" hostname="mac-studio.lan" time="1.439">
  <properties/>
  <testcase name="sameCountCorrectionFromAnotherConnectionFencesClaimAndTombstoneRemovesVendorOutput" classname="com.frwhoop.scoring.VendorImportIntegrationTest" time="0.108"/>
  <testcase name="allNineVendorValuesPublishSeparatelyWithoutStressRestVitalityOrStageFabrication" classname="com.frwhoop.scoring.VendorImportIntegrationTest" time="0.057"/>
  <testcase name="strictVendorSourceUnitsRangesUnknownsAndExistingConsentAreRequired" classname="com.frwhoop.scoring.VendorImportIntegrationTest" time="1.274"/>
  <system-out><![CDATA[]]></system-out>
  <system-err><![CDATA[]]></system-err>
</testsuite>
