<?xml version="1.0" encoding="UTF-8"?>
<testsuite name="com.frwhoop.scoring.HistoricalContextInputFactoryTest" tests="7" skipped="0" failures="0" errors="0" timestamp="2026-09-22T06:13:46" hostname="mac-studio.lan" time="0.005">
  <properties/>
  <testcase name="separateResetEpochsReachHelperAndCheckpointWithoutUsingDisplayOffset" classname="com.frwhoop.scoring.HistoricalContextInputFactoryTest" time="0.001"/>
  <testcase name="repeatedWallHourRetainsBothOffsetsAndOnlyObservedBins" classname="com.frwhoop.scoring.HistoricalContextInputFactoryTest" time="0.0"/>
  <testcase name="wallHoursAndStoredReplayMatchForFractionalDstMiddayTransitionAndNonIntegerOffset" classname="com.frwhoop.scoring.HistoricalContextInputFactoryTest" time="0.003"/>
  <testcase name="canonicalObservedMainNightSurvivesCheckpointButLaterNapNeverBecomesWake" classname="com.frwhoop.scoring.HistoricalContextInputFactoryTest" time="0.0"/>
  <testcase name="splitMainNightPreservesBothObservedFragmentsAcrossActualZoneTransitions" classname="com.frwhoop.scoring.HistoricalContextInputFactoryTest" time="0.001"/>
  <testcase name="unobservedManualNightAndExplicitLongNapCannotFabricateCircadianWake" classname="com.frwhoop.scoring.HistoricalContextInputFactoryTest" time="0.0"/>
  <testcase name="sparseObservedHistoryKeepsCalendarSlotsAndMissingYesterdayStaysNull" classname="com.frwhoop.scoring.HistoricalContextInputFactoryTest" time="0.0"/>
  <system-out><![CDATA[]]></system-out>
  <system-err><![CDATA[]]></system-err>
</testsuite>
