<?xml version="1.0" encoding="UTF-8"?>
<testsuite name="com.frwhoop.scoring.RespirationContextsTest" tests="5" skipped="0" failures="0" errors="0" timestamp="2026-09-22T06:15:01" hostname="mac-studio.lan" time="0.001">
  <properties/>
  <testcase name="touchingRestWindowsMergeWithoutBridgingAnIneligibleWindowOrSleep" classname="com.frwhoop.scoring.RespirationContextsTest" time="0.0"/>
  <testcase name="movingMissingAndOffBodyWindowsNeverQualify" classname="com.frwhoop.scoring.RespirationContextsTest" time="0.001"/>
  <testcase name="quietMotionAloneDoesNotEstablishAwakeRest" classname="com.frwhoop.scoring.RespirationContextsTest" time="0.0"/>
  <testcase name="conflictingSleepOrUnknownStateCannotBecomeRest" classname="com.frwhoop.scoring.RespirationContextsTest" time="0.0"/>
  <testcase name="binaryAwakeQualifiesIndependentlyOfStagesButUnknownBinaryStateDoesNot" classname="com.frwhoop.scoring.RespirationContextsTest" time="0.0"/>
  <system-out><![CDATA[]]></system-out>
  <system-err><![CDATA[]]></system-err>
</testsuite>
