<?xml version="1.0" encoding="UTF-8"?>
<testsuite name="com.frwhoop.scoring.ScalarInputIntegrationTest" tests="4" skipped="0" failures="0" errors="0" timestamp="2026-09-22T06:15:01" hostname="mac-studio.lan" time="0.373">
  <properties/>
  <testcase name="derivedPpgIsSourceLocalAndNeverEntersMeasuredHrOrRrHrv" classname="com.frwhoop.scoring.ScalarInputIntegrationTest" time="0.121"/>
  <testcase name="counterPredecessorAndRawBandStateAreValidatedWithoutChanging050Schema" classname="com.frwhoop.scoring.ScalarInputIntegrationTest" time="0.063"/>
  <testcase name="admittedStepProvenanceSurvivesThePlainKernelDtoWithoutTouchingRoom" classname="com.frwhoop.scoring.ScalarInputIntegrationTest" time="0.048"/>
  <testcase name="optionalProvenanceColumnRetainsKnownMetadataAndRefusesFutureOrInvalidRows" classname="com.frwhoop.scoring.ScalarInputIntegrationTest" time="0.141"/>
  <system-out><![CDATA[]]></system-out>
  <system-err><![CDATA[]]></system-err>
</testsuite>
