<?xml version="1.0" encoding="UTF-8"?>
<testsuite name="com.frwhoop.scoring.IndependentScoringWorkIntegrationTest" tests="12" skipped="0" failures="0" errors="0" timestamp="2026-09-22T06:14:02" hostname="mac-studio.lan" time="13.201">
  <properties/>
  <testcase name="migrationPreservesExistingLegacyAndShadowClaimsWithoutDroppingRows" classname="com.frwhoop.scoring.IndependentScoringWorkIntegrationTest" time="0.023"/>
  <testcase name="legacyTableMutationCannotRewriteImmutablePublishedResult" classname="com.frwhoop.scoring.IndependentScoringWorkIntegrationTest" time="0.07"/>
  <testcase name="directLateInputInvalidatesBothButStaleLegacyCompletionCannotTouchShadowLease" classname="com.frwhoop.scoring.IndependentScoringWorkIntegrationTest" time="0.18"/>
  <testcase name="baselineArchiveRetriesExactCommittedSnapshotWithoutRescoring" classname="com.frwhoop.scoring.IndependentScoringWorkIntegrationTest" time="0.08"/>
  <testcase name="moreThan350CompletedBaselineAndShadowRevisionsRemainRunnable" classname="com.frwhoop.scoring.IndependentScoringWorkIntegrationTest" time="10.831"/>
  <testcase name="newInputFencesBaselineAndLegacyUnpatchedMutationsFailClosed" classname="com.frwhoop.scoring.IndependentScoringWorkIntegrationTest" time="0.092"/>
  <testcase name="movedAndDeletedBaselineEpisodesReplaceTheImmutableCurrentSet" classname="com.frwhoop.scoring.IndependentScoringWorkIntegrationTest" time="0.146"/>
  <testcase name="bothWorkersCompleteEitherOrderWithoutConsumingOtherVersion" classname="com.frwhoop.scoring.IndependentScoringWorkIntegrationTest" time="0.106"/>
  <testcase name="historicalDependencyUsesOwnedCurrentDateAfterDatelineTravel" classname="com.frwhoop.scoring.IndependentScoringWorkIntegrationTest" time="0.378"/>
  <testcase name="shadowPublicationCannotUseBaselineAlgorithmIdentity" classname="com.frwhoop.scoring.IndependentScoringWorkIntegrationTest" time="0.053"/>
  <testcase name="shadowFinishesBeforeBaselineClaimsAndReplayLeavesBaselineCurrent" classname="com.frwhoop.scoring.IndependentScoringWorkIntegrationTest" time="0.083"/>
  <testcase name="expiredSameInputBaselineWorkerCannotPublishOrReleaseSuccessor" classname="com.frwhoop.scoring.IndependentScoringWorkIntegrationTest" time="1.159"/>
  <system-out><![CDATA[]]></system-out>
  <system-err><![CDATA[[Test worker] INFO com.zaxxer.hikari.HikariDataSource - HikariPool-17 - Starting...
[Test worker] INFO com.zaxxer.hikari.pool.HikariPool - HikariPool-17 - Added connection org.postgresql.jdbc.PgConnection@75a118e6
[Test worker] INFO com.zaxxer.hikari.HikariDataSource - HikariPool-17 - Start completed.
[Test worker] INFO com.zaxxer.hikari.HikariDataSource - HikariPool-17 - Shutdown initiated...
[Test worker] INFO com.zaxxer.hikari.HikariDataSource - HikariPool-17 - Shutdown completed.
[Test worker] INFO com.zaxxer.hikari.HikariDataSource - HikariPool-18 - Starting...
[Test worker] INFO com.zaxxer.hikari.pool.HikariPool - HikariPool-18 - Added connection org.postgresql.jdbc.PgConnection@f288c14
[Test worker] INFO com.zaxxer.hikari.HikariDataSource - HikariPool-18 - Start completed.
[Test worker] INFO com.zaxxer.hikari.HikariDataSource - HikariPool-18 - Shutdown initiated...
[Test worker] INFO com.zaxxer.hikari.HikariDataSource - HikariPool-18 - Shutdown completed.
[Test worker] INFO com.zaxxer.hikari.HikariDataSource - HikariPool-19 - Starting...
[Test worker] INFO com.zaxxer.hikari.pool.HikariPool - HikariPool-19 - Added connection org.postgresql.jdbc.PgConnection@74294c1a
[Test worker] INFO com.zaxxer.hikari.HikariDataSource - HikariPool-19 - Start completed.
[Test worker] INFO com.zaxxer.hikari.HikariDataSource - HikariPool-19 - Shutdown initiated...
[Test worker] INFO com.zaxxer.hikari.HikariDataSource - HikariPool-19 - Shutdown completed.
[Test worker] INFO com.zaxxer.hikari.HikariDataSource - HikariPool-20 - Starting...
[Test worker] INFO com.zaxxer.hikari.pool.HikariPool - HikariPool-20 - Added connection org.postgresql.jdbc.PgConnection@7d199c68
[Test worker] INFO com.zaxxer.hikari.HikariDataSource - HikariPool-20 - Start completed.
[Test worker] INFO com.zaxxer.hikari.HikariDataSource - HikariPool-20 - Shutdown initiated...
[Test worker] INFO com.zaxxer.hikari.HikariDataSource - HikariPool-20 - Shutdown completed.
[Test worker] INFO com.zaxxer.hikari.HikariDataSource - HikariPool-21 - Starting...
[Test worker] INFO com.zaxxer.hikari.pool.HikariPool - HikariPool-21 - Added connection org.postgresql.jdbc.PgConnection@68e7c8c3
[Test worker] INFO com.zaxxer.hikari.HikariDataSource - HikariPool-21 - Start completed.
[Test worker] INFO com.zaxxer.hikari.HikariDataSource - HikariPool-21 - Shutdown initiated...
[Test worker] INFO com.zaxxer.hikari.HikariDataSource - HikariPool-21 - Shutdown completed.
[Test worker] INFO com.zaxxer.hikari.HikariDataSource - HikariPool-22 - Starting...
[Test worker] INFO com.zaxxer.hikari.pool.HikariPool - HikariPool-22 - Added connection org.postgresql.jdbc.PgConnection@4a92c6a9
[Test worker] INFO com.zaxxer.hikari.HikariDataSource - HikariPool-22 - Start completed.
[Test worker] INFO com.zaxxer.hikari.HikariDataSource - HikariPool-22 - Shutdown initiated...
[Test worker] INFO com.zaxxer.hikari.HikariDataSource - HikariPool-22 - Shutdown completed.
[Test worker] INFO com.zaxxer.hikari.HikariDataSource - HikariPool-23 - Starting...
[Test worker] INFO com.zaxxer.hikari.pool.HikariPool - HikariPool-23 - Added connection org.postgresql.jdbc.PgConnection@493da830
[Test worker] INFO com.zaxxer.hikari.HikariDataSource - HikariPool-23 - Start completed.
[Test worker] INFO com.zaxxer.hikari.HikariDataSource - HikariPool-23 - Shutdown initiated...
[Test worker] INFO com.zaxxer.hikari.HikariDataSource - HikariPool-23 - Shutdown completed.
[Test worker] INFO com.zaxxer.hikari.HikariDataSource - HikariPool-24 - Starting...
[Test worker] INFO com.zaxxer.hikari.pool.HikariPool - HikariPool-24 - Added connection org.postgresql.jdbc.PgConnection@40de8f93
[Test worker] INFO com.zaxxer.hikari.HikariDataSource - HikariPool-24 - Start completed.
[Test worker] INFO com.zaxxer.hikari.HikariDataSource - HikariPool-24 - Shutdown initiated...
[Test worker] INFO com.zaxxer.hikari.HikariDataSource - HikariPool-24 - Shutdown completed.
[Test worker] INFO com.zaxxer.hikari.HikariDataSource - HikariPool-25 - Starting...
[Test worker] INFO com.zaxxer.hikari.pool.HikariPool - HikariPool-25 - Added connection org.postgresql.jdbc.PgConnection@6968bcec
[Test worker] INFO com.zaxxer.hikari.HikariDataSource - HikariPool-25 - Start completed.
[Test worker] INFO com.zaxxer.hikari.HikariDataSource - HikariPool-25 - Shutdown initiated...
[Test worker] INFO com.zaxxer.hikari.HikariDataSource - HikariPool-25 - Shutdown completed.
[Test worker] INFO com.zaxxer.hikari.HikariDataSource - HikariPool-26 - Starting...
[Test worker] INFO com.zaxxer.hikari.pool.HikariPool - HikariPool-26 - Added connection org.postgresql.jdbc.PgConnection@7885776b
[Test worker] INFO com.zaxxer.hikari.HikariDataSource - HikariPool-26 - Start completed.
[Test worker] INFO com.zaxxer.hikari.HikariDataSource - HikariPool-26 - Shutdown initiated...
[Test worker] INFO com.zaxxer.hikari.HikariDataSource - HikariPool-26 - Shutdown completed.
[Test worker] INFO com.zaxxer.hikari.HikariDataSource - HikariPool-27 - Starting...
[Test worker] INFO com.zaxxer.hikari.pool.HikariPool - HikariPool-27 - Added connection org.postgresql.jdbc.PgConnection@31b82e0f
[Test worker] INFO com.zaxxer.hikari.HikariDataSource - HikariPool-27 - Start completed.
[Test worker] INFO com.zaxxer.hikari.HikariDataSource - HikariPool-27 - Shutdown initiated...
[Test worker] INFO com.zaxxer.hikari.HikariDataSource - HikariPool-27 - Shutdown completed.
[Test worker] INFO com.zaxxer.hikari.HikariDataSource - HikariPool-28 - Starting...
[Test worker] INFO com.zaxxer.hikari.pool.HikariPool - HikariPool-28 - Added connection org.postgresql.jdbc.PgConnection@36d33f4
[Test worker] INFO com.zaxxer.hikari.HikariDataSource - HikariPool-28 - Start completed.
[Test worker] INFO com.zaxxer.hikari.HikariDataSource - HikariPool-28 - Shutdown initiated...
[Test worker] INFO com.zaxxer.hikari.HikariDataSource - HikariPool-28 - Shutdown completed.
]]></system-err>
</testsuite>
