<?xml version="1.0" encoding="UTF-8"?>
<testsuite name="com.frwhoop.scoring.ScoringWorkerProcessTest" tests="2" skipped="0" failures="0" errors="0" timestamp="2026-09-22T06:16:42" hostname="mac-studio.lan" time="0.04">
  <properties/>
  <testcase name="unresponsiveAttemptExitsJvmDespiteNonDaemonThreadAndBlockedShutdownHook" classname="com.frwhoop.scoring.ScoringWorkerProcessTest" time="0.04"/>
  <testcase name="normalCompletionAndOrdinaryFailuresDoNotTriggerFatalExit" classname="com.frwhoop.scoring.ScoringWorkerProcessTest" time="0.0"/>
  <system-out><![CDATA[]]></system-out>
  <system-err><![CDATA[]]></system-err>
</testsuite>
