<?xml version="1.0" encoding="UTF-8"?>
<testsuite name="com.frwhoop.scoring.RawSignalCatalogueIntegrationTest" tests="4" skipped="0" failures="0" errors="0" timestamp="2026-09-22T06:15:00" hostname="mac-studio.lan" time="0.688">
  <properties/>
  <testcase name="decodingContractChangesRevokeOldProofAndDirtyItsConsumers" classname="com.frwhoop.scoring.RawSignalCatalogueIntegrationTest" time="0.427"/>
  <testcase name="decodingContractChangedDuringFetchCannotAcquireVerificationProof" classname="com.frwhoop.scoring.RawSignalCatalogueIntegrationTest" time="0.056"/>
  <testcase name="repeatedActualHashAndDecodeDoesNotContinuouslyRedirtyTheQueue" classname="com.frwhoop.scoring.RawSignalCatalogueIntegrationTest" time="0.149"/>
  <testcase name="changedManifestAndCorruptBytesCannotAcquireVerificationProof" classname="com.frwhoop.scoring.RawSignalCatalogueIntegrationTest" time="0.056"/>
  <system-out><![CDATA[]]></system-out>
  <system-err><![CDATA[[Test worker] INFO com.zaxxer.hikari.HikariDataSource - HikariPool-92 - Starting...
[Test worker] INFO com.zaxxer.hikari.pool.HikariPool - HikariPool-92 - Added connection org.postgresql.jdbc.PgConnection@9fe720a
[Test worker] INFO com.zaxxer.hikari.HikariDataSource - HikariPool-92 - Start completed.
[Test worker] INFO com.zaxxer.hikari.HikariDataSource - HikariPool-92 - Shutdown initiated...
[Test worker] INFO com.zaxxer.hikari.HikariDataSource - HikariPool-92 - Shutdown completed.
[Test worker] INFO com.zaxxer.hikari.HikariDataSource - HikariPool-93 - Starting...
[Test worker] INFO com.zaxxer.hikari.pool.HikariPool - HikariPool-93 - Added connection org.postgresql.jdbc.PgConnection@a90e2c1
[Test worker] INFO com.zaxxer.hikari.HikariDataSource - HikariPool-93 - Start completed.
[Test worker] INFO com.zaxxer.hikari.HikariDataSource - HikariPool-93 - Shutdown initiated...
[Test worker] INFO com.zaxxer.hikari.HikariDataSource - HikariPool-93 - Shutdown completed.
[Test worker] INFO com.zaxxer.hikari.HikariDataSource - HikariPool-94 - Starting...
[Test worker] INFO com.zaxxer.hikari.pool.HikariPool - HikariPool-94 - Added connection org.postgresql.jdbc.PgConnection@6070775e
[Test worker] INFO com.zaxxer.hikari.HikariDataSource - HikariPool-94 - Start completed.
[Test worker] INFO com.zaxxer.hikari.HikariDataSource - HikariPool-94 - Shutdown initiated...
[Test worker] INFO com.zaxxer.hikari.HikariDataSource - HikariPool-94 - Shutdown completed.
[Test worker] INFO com.zaxxer.hikari.HikariDataSource - HikariPool-95 - Starting...
[Test worker] INFO com.zaxxer.hikari.pool.HikariPool - HikariPool-95 - Added connection org.postgresql.jdbc.PgConnection@4026461d
[Test worker] INFO com.zaxxer.hikari.HikariDataSource - HikariPool-95 - Start completed.
[Test worker] INFO com.zaxxer.hikari.HikariDataSource - HikariPool-95 - Shutdown initiated...
[Test worker] INFO com.zaxxer.hikari.HikariDataSource - HikariPool-95 - Shutdown completed.
]]></system-err>
</testsuite>
