<?xml version="1.0" encoding="UTF-8"?>
<testsuite name="com.frwhoop.scoring.HistoricalThermalInputIntegrationTest" tests="2" skipped="0" failures="0" errors="0" timestamp="2026-09-22T06:14:00" hostname="mac-studio.lan" time="0.17">
  <properties/>
  <testcase name="canonicalDeviceRetainsOriginalOuraProvenanceForRespirationShape" classname="com.frwhoop.scoring.HistoricalThermalInputIntegrationTest" time="0.036"/>
  <testcase name="windowMedianUsesOnlySameDeviceAtOrBeforeDayAndPastCorrectionIsVisible" classname="com.frwhoop.scoring.HistoricalThermalInputIntegrationTest" time="0.134"/>
  <system-out><![CDATA[]]></system-out>
  <system-err><![CDATA[]]></system-err>
</testsuite>
