<?xml version="1.0" encoding="UTF-8"?>
<testsuite name="com.frwhoop.scoring.ScoringConcurrencyIntegrationTest" tests="5" skipped="0" failures="0" errors="0" timestamp="2026-09-22T06:15:02" hostname="mac-studio.lan" time="1.553">
  <properties/>
  <testcase name="uncommittedConfigurationChangeSerializesBeforePublication" classname="com.frwhoop.scoring.ScoringConcurrencyIntegrationTest" time="0.049"/>
  <testcase name="renewalThreadKeepsRealOneSecondLeaseAliveDuringSlowWork" classname="com.frwhoop.scoring.ScoringConcurrencyIntegrationTest" time="1.387"/>
  <testcase name="explicitSourceSelectionAndAuthoritativeNoDataNeverMergeDevices" classname="com.frwhoop.scoring.ScoringConcurrencyIntegrationTest" time="0.061"/>
  <testcase name="disabledVersionCannotPublishAndMetricsExposePendingWork" classname="com.frwhoop.scoring.ScoringConcurrencyIntegrationTest" time="0.028"/>
  <testcase name="algorithmRegistrationBeforeLegacyRepairStillSchedulesBothVersions" classname="com.frwhoop.scoring.ScoringConcurrencyIntegrationTest" time="0.028"/>
  <system-out><![CDATA[]]></system-out>
  <system-err><![CDATA[]]></system-err>
</testsuite>
