<?xml version="1.0" encoding="UTF-8"?>
<testsuite name="com.noop.analytics.SleepStagerDaytimeGuardTest" tests="5" skipped="0" failures="0" errors="0" timestamp="2026-09-22T06:13:23" hostname="mac-studio.lan" time="0.025">
  <properties/>
  <testcase name="overnightShortWindowUnchanged" classname="com.noop.analytics.SleepStagerDaytimeGuardTest" time="0.008"/>
  <testcase name="daytimeGuardEmptyInputsNoCrash" classname="com.noop.analytics.SleepStagerDaytimeGuardTest" time="0.002"/>
  <testcase name="tzOffsetShiftsWindowIntoDaytimeBand" classname="com.noop.analytics.SleepStagerDaytimeGuardTest" time="0.004"/>
  <testcase name="daytimeShortLowHRWindowRejected" classname="com.noop.analytics.SleepStagerDaytimeGuardTest" time="0.004"/>
  <testcase name="daytimeQualityNapRegisters" classname="com.noop.analytics.SleepStagerDaytimeGuardTest" time="0.007"/>
  <system-out><![CDATA[]]></system-out>
  <system-err><![CDATA[]]></system-err>
</testsuite>
