<?xml version="1.0" encoding="UTF-8"?>
<testsuite name="com.noop.analytics.WakeMotionRefinementTest" tests="6" skipped="0" failures="0" errors="0" timestamp="2026-09-22T06:13:24" hostname="mac-studio.lan" time="0.004">
  <properties/>
  <testcase name="sessionLevelRefineRecomputesEfficiency" classname="com.noop.analytics.WakeMotionRefinementTest" time="0.001"/>
  <testcase name="toggleOffIsByteIdenticalPassthrough" classname="com.noop.analytics.WakeMotionRefinementTest" time="0.001"/>
  <testcase name="sparseMotionNightDeclinesToAct" classname="com.noop.analytics.WakeMotionRefinementTest" time="0.0"/>
  <testcase name="recoversDifferentInjectedReclaimAmountsAcrossPatterns" classname="com.noop.analytics.WakeMotionRefinementTest" time="0.001"/>
  <testcase name="realGetUpStaysWake" classname="com.noop.analytics.WakeMotionRefinementTest" time="0.0"/>
  <testcase name="hotButStillNightReclaimsTheStillSpansAroundIsolatedBursts" classname="com.noop.analytics.WakeMotionRefinementTest" time="0.001"/>
  <system-out><![CDATA[]]></system-out>
  <system-err><![CDATA[]]></system-err>
</testsuite>
