<?xml version="1.0" encoding="UTF-8"?>
<testsuite name="com.noop.analytics.SleepMotionLineTest" tests="6" skipped="0" failures="0" errors="0" timestamp="2026-09-22T06:13:21" hostname="mac-studio.lan" time="0.0">
  <properties/>
  <testcase name="onset line zero baseline is safe" classname="com.noop.analytics.SleepMotionLineTest" time="0.0"/>
  <testcase name="medianBpm sorted middle" classname="com.noop.analytics.SleepMotionLineTest" time="0.0"/>
  <testcase name="dense 5MG night on V2" classname="com.noop.analytics.SleepMotionLineTest" time="0.0"/>
  <testcase name="onset line HR dipped is a real onset" classname="com.noop.analytics.SleepMotionLineTest" time="0.0"/>
  <testcase name="onset line HR not dipped is suspected pre-onset-awake" classname="com.noop.analytics.SleepMotionLineTest" time="0.0"/>
  <testcase name="sparse WHOOP4 night on V1" classname="com.noop.analytics.SleepMotionLineTest" time="0.0"/>
  <system-out><![CDATA[]]></system-out>
  <system-err><![CDATA[]]></system-err>
</testsuite>
