<?xml version="1.0" encoding="UTF-8"?>
<testsuite name="com.noop.analytics.SleepStagerHrConfirmTest" tests="5" skipped="0" failures="0" errors="0" timestamp="2026-09-22T06:13:23" hostname="mac-studio.lan" time="0.0">
  <properties/>
  <testcase name="tooFewSamplesTrustsGravity" classname="com.noop.analytics.SleepStagerHrConfirmTest" time="0.0"/>
  <testcase name="spikyButAsleepRunSurvivesWhereMeanWouldDropIt" classname="com.noop.analytics.SleepStagerHrConfirmTest" time="0.0"/>
  <testcase name="nullBaselineTrustsGravity" classname="com.noop.analytics.SleepStagerHrConfirmTest" time="0.0"/>
  <testcase name="runTheMeanAlreadyAcceptedStillPasses" classname="com.noop.analytics.SleepStagerHrConfirmTest" time="0.0"/>
  <testcase name="genuinelyElevatedRunIsStillRejected" classname="com.noop.analytics.SleepStagerHrConfirmTest" time="0.0"/>
  <system-out><![CDATA[]]></system-out>
  <system-err><![CDATA[]]></system-err>
</testsuite>
