<?xml version="1.0" encoding="UTF-8"?>
<testsuite name="com.noop.analytics.ReadinessEngineTest" tests="8" skipped="0" failures="0" errors="0" timestamp="2026-09-22T06:13:21" hostname="mac-studio.lan" time="0.004">
  <properties/>
  <testcase name="respRate_implausibleOutlierProducesNoSignal" classname="com.noop.analytics.ReadinessEngineTest" time="0.003"/>
  <testcase name="respRateRiseFlags" classname="com.noop.analytics.ReadinessEngineTest" time="0.0"/>
  <testcase name="primedWhenSignalsAligned" classname="com.noop.analytics.ReadinessEngineTest" time="0.001"/>
  <testcase name="insufficientWhenEmpty" classname="com.noop.analytics.ReadinessEngineTest" time="0.0"/>
  <testcase name="statsHelpers" classname="com.noop.analytics.ReadinessEngineTest" time="0.0"/>
  <testcase name="explicitTodayWithoutMatchingRowIsInsufficient" classname="com.noop.analytics.ReadinessEngineTest" time="0.0"/>
  <testcase name="acwrSpikeStrains" classname="com.noop.analytics.ReadinessEngineTest" time="0.0"/>
  <testcase name="rundownWhenTwoRecoverySignalsDown" classname="com.noop.analytics.ReadinessEngineTest" time="0.0"/>
  <system-out><![CDATA[]]></system-out>
  <system-err><![CDATA[]]></system-err>
</testsuite>
