<?xml version="1.0" encoding="UTF-8"?>
<testsuite name="com.noop.analytics.AnalyticsEngineProvidedSleepTest" tests="5" skipped="0" failures="0" errors="0" timestamp="2026-09-22T06:13:20" hostname="mac-studio.lan" time="0.229">
  <properties/>
  <testcase name="providedHypnogramScoresANightWithoutGravity" classname="com.noop.analytics.AnalyticsEngineProvidedSleepTest" time="0.103"/>
  <testcase name="lightOnlyProvidedSessionHasRestScore" classname="com.noop.analytics.AnalyticsEngineProvidedSleepTest" time="0.008"/>
  <testcase name="emptyProvidedSleepIsByteIdenticalToOmitting" classname="com.noop.analytics.AnalyticsEngineProvidedSleepTest" time="0.059"/>
  <testcase name="providedSessionKeepsItsOwnStoredHrvWhenPresent" classname="com.noop.analytics.AnalyticsEngineProvidedSleepTest" time="0.052"/>
  <testcase name="wakeOnlyProvidedSessionHasNoRestScore" classname="com.noop.analytics.AnalyticsEngineProvidedSleepTest" time="0.007"/>
  <system-out><![CDATA[]]></system-out>
  <system-err><![CDATA[]]></system-err>
</testsuite>
