<?xml version="1.0" encoding="UTF-8"?>
<testsuite name="com.noop.analytics.HrvWindowTest" tests="12" skipped="0" failures="0" errors="0" timestamp="2026-09-22T06:13:21" hostname="mac-studio.lan" time="0.075">
  <properties/>
  <testcase name="verifiedTimingCannotInflateCoverageUsingCoarsePrecision" classname="com.noop.analytics.HrvWindowTest" time="0.005"/>
  <testcase name="packetAdapterDoesNotInventCoverageOrBridgeRemovedWords" classname="com.noop.analytics.HrvWindowTest" time="0.0"/>
  <testcase name="mixedTimingAbstainsAndCorrectionCannotRecoverMissingAcquisition" classname="com.noop.analytics.HrvWindowTest" time="0.002"/>
  <testcase name="manyShortIntervalsCannotHideOneUninterpretableLongSpan" classname="com.noop.analytics.HrvWindowTest" time="0.0"/>
  <testcase name="rejectedBeatOutsideWindowStillRejectsItsSharedInsideEndpoint" classname="com.noop.analytics.HrvWindowTest" time="0.005"/>
  <testcase name="correctionsCannotBridgeRejectedEndpointsOrDeletedOriginals" classname="com.noop.analytics.HrvWindowTest" time="0.003"/>
  <testcase name="threeAcceptedBeatsAndGapAreRequired" classname="com.noop.analytics.HrvWindowTest" time="0.003"/>
  <testcase name="extremeAlternationRetainsEvidenceWithoutCleanHighHrvClaim" classname="com.noop.analytics.HrvWindowTest" time="0.003"/>
  <testcase name="conflictingReplayNeverChoosesArrivalOrder" classname="com.noop.analytics.HrvWindowTest" time="0.002"/>
  <testcase name="firmwareSwitchAndMissingProvenanceFailClosed" classname="com.noop.analytics.HrvWindowTest" time="0.003"/>
  <testcase name="availableSignalFailuresAbstainAndMissingSignalsStayUnavailable" classname="com.noop.analytics.HrvWindowTest" time="0.008"/>
  <testcase name="sharedGoldenWindows" classname="com.noop.analytics.HrvWindowTest" time="0.041"/>
  <system-out><![CDATA[]]></system-out>
  <system-err><![CDATA[]]></system-err>
</testsuite>
