<?xml version="1.0" encoding="UTF-8"?>
<testsuite name="com.noop.analytics.ReadinessTrainingLoadTest" tests="5" skipped="0" failures="0" errors="0" timestamp="2026-09-22T06:13:21" hostname="mac-studio.lan" time="0.004">
  <properties/>
  <testcase name="existingAcwrAndMonotonyRemainOwnedByReadiness" classname="com.noop.analytics.ReadinessTrainingLoadTest" time="0.003"/>
  <testcase name="explicitTodayIgnoresFutureTrainingRows" classname="com.noop.analytics.ReadinessTrainingLoadTest" time="0.0"/>
  <testcase name="missingLoadBreaksTrainingModelWithoutSuppressingReadiness" classname="com.noop.analytics.ReadinessTrainingLoadTest" time="0.001"/>
  <testcase name="explicitMissingTodayFailsClosedForBothAnalyses" classname="com.noop.analytics.ReadinessTrainingLoadTest" time="0.0"/>
  <testcase name="pairedApiLeavesExistingReadinessExactlyUnchanged" classname="com.noop.analytics.ReadinessTrainingLoadTest" time="0.0"/>
  <system-out><![CDATA[]]></system-out>
  <system-err><![CDATA[]]></system-err>
</testsuite>
