<?xml version="1.0" encoding="UTF-8"?>
<testsuite name="com.noop.analytics.HypnogramCoverageTest" tests="10" skipped="0" failures="0" errors="0" timestamp="2026-09-22T06:13:21" hostname="mac-studio.lan" time="0.003">
  <properties/>
  <testcase name="coveredSecondsMatchesTheSwiftOracle" classname="com.noop.analytics.HypnogramCoverageTest" time="0.001"/>
  <testcase name="groupWithNoTimestampedStagesIsUnmeasurableNotHoled" classname="com.noop.analytics.HypnogramCoverageTest" time="0.0"/>
  <testcase name="mixedSourceGroupReadsAsHoled" classname="com.noop.analytics.HypnogramCoverageTest" time="0.0"/>
  <testcase name="ratioOverloadMatchesSwift" classname="com.noop.analytics.HypnogramCoverageTest" time="0.0"/>
  <testcase name="thresholdMatchesSwift" classname="com.noop.analytics.HypnogramCoverageTest" time="0.001"/>
  <testcase name="theMeasuredHoledNightIsFlagged" classname="com.noop.analytics.HypnogramCoverageTest" time="0.0"/>
  <testcase name="unmeasurableIsNeverHoled" classname="com.noop.analytics.HypnogramCoverageTest" time="0.0"/>
  <testcase name="matchesTheSwiftOracleExactly" classname="com.noop.analytics.HypnogramCoverageTest" time="0.001"/>
  <testcase name="groupDenominatorIsFragmentSpansNotTheWholeWindow" classname="com.noop.analytics.HypnogramCoverageTest" time="0.0"/>
  <testcase name="groupFractionMatchesTheSwiftOracle" classname="com.noop.analytics.HypnogramCoverageTest" time="0.0"/>
  <system-out><![CDATA[]]></system-out>
  <system-err><![CDATA[]]></system-err>
</testsuite>
