<?xml version="1.0" encoding="UTF-8"?>
<testsuite name="com.noop.analytics.SleepStagerWindowEndpointTest" tests="8" skipped="0" failures="0" errors="0" timestamp="2026-09-22T06:13:23" hostname="mac-studio.lan" time="0.003">
  <properties/>
  <testcase name="nonAlignedEndpointSampleReachesABin" classname="com.noop.analytics.SleepStagerWindowEndpointTest" time="0.0"/>
  <testcase name="nonAlignedEndpointHrvWindowUnchanged" classname="com.noop.analytics.SleepStagerWindowEndpointTest" time="0.0"/>
  <testcase name="alignedEndpointSampleReachesABin" classname="com.noop.analytics.SleepStagerWindowEndpointTest" time="0.001"/>
  <testcase name="degenerateZeroLengthWindow" classname="com.noop.analytics.SleepStagerWindowEndpointTest" time="0.0"/>
  <testcase name="alignedEndpointBeatsFillTheFinalHrvWindow" classname="com.noop.analytics.SleepStagerWindowEndpointTest" time="0.0"/>
  <testcase name="sessionAvgHrvZeroLengthWindowUsesTheEndpointBeats" classname="com.noop.analytics.SleepStagerWindowEndpointTest" time="0.0"/>
  <testcase name="endpointSampleLandsInFinalBinOnly" classname="com.noop.analytics.SleepStagerWindowEndpointTest" time="0.0"/>
  <testcase name="sessionRestingHrEndpointSweepMatchesSwiftOracle" classname="com.noop.analytics.SleepStagerWindowEndpointTest" time="0.002"/>
  <system-out><![CDATA[]]></system-out>
  <system-err><![CDATA[]]></system-err>
</testsuite>
