<?xml version="1.0" encoding="UTF-8"?>
<testsuite name="com.noop.analytics.DayBoutHrMaxAgreementTest" tests="4" skipped="0" failures="0" errors="0" timestamp="2026-09-22T06:13:20" hostname="mac-studio.lan" time="0.05">
  <properties/>
  <testcase name="theDaysHrMaxReachesDetectionAndScoring" classname="com.noop.analytics.DayBoutHrMaxAgreementTest" time="0.029"/>
  <testcase name="theSameMinuteSplitsAcrossTheZoneFloor" classname="com.noop.analytics.DayBoutHrMaxAgreementTest" time="0.0"/>
  <testcase name="anExplicitOverrideStillWins" classname="com.noop.analytics.DayBoutHrMaxAgreementTest" time="0.02"/>
  <testcase name="theBoutFallbackIsNeverBelowTheDaysTanaka" classname="com.noop.analytics.DayBoutHrMaxAgreementTest" time="0.001"/>
  <system-out><![CDATA[]]></system-out>
  <system-err><![CDATA[]]></system-err>
</testsuite>
