<?xml version="1.0" encoding="UTF-8"?>
<testsuite name="com.noop.analytics.ScoreConfidenceCacheSigTest" tests="2" skipped="0" failures="0" errors="0" timestamp="2026-09-22T06:13:21" hostname="mac-studio.lan" time="0.0">
  <properties/>
  <testcase name="forCharge_tierChangesOnStatusTransition" classname="com.noop.analytics.ScoreConfidenceCacheSigTest" time="0.0"/>
  <testcase name="forCharge_tierInvariantToBaselineValueDrift" classname="com.noop.analytics.ScoreConfidenceCacheSigTest" time="0.0"/>
  <system-out><![CDATA[]]></system-out>
  <system-err><![CDATA[]]></system-err>
</testsuite>
