<?xml version="1.0" encoding="UTF-8"?>
<testsuite name="com.noop.analytics.Spo2CeilingNightlyTest" tests="7" skipped="0" failures="0" errors="0" timestamp="2026-09-22T06:13:23" hostname="mac-studio.lan" time="0.0">
  <properties/>
  <testcase name="daytimeSamplesOutsideTheSessionAreExcluded" classname="com.noop.analytics.Spo2CeilingNightlyTest" time="0.0"/>
  <testcase name="plausibleRangeBoundariesAreInclusive" classname="com.noop.analytics.Spo2CeilingNightlyTest" time="0.0"/>
  <testcase name="meanRoundsRatherThanFloors" classname="com.noop.analytics.Spo2CeilingNightlyTest" time="0.0"/>
  <testcase name="meanAndSampleCountOverTheSession" classname="com.noop.analytics.Spo2CeilingNightlyTest" time="0.0"/>
  <testcase name="contaminatedOutOfRangeSamplesAreExcluded" classname="com.noop.analytics.Spo2CeilingNightlyTest" time="0.0"/>
  <testcase name="samplesAboveOneHundredAreCeilingedBeforeAveraging" classname="com.noop.analytics.Spo2CeilingNightlyTest" time="0.0"/>
  <testcase name="nullWhenNothingPlausibleFallsInsideASession" classname="com.noop.analytics.Spo2CeilingNightlyTest" time="0.0"/>
  <system-out><![CDATA[]]></system-out>
  <system-err><![CDATA[]]></system-err>
</testsuite>
