<?xml version="1.0" encoding="UTF-8"?>
<testsuite name="com.noop.analytics.RestNeedTest" tests="7" skipped="0" failures="0" errors="0" timestamp="2026-09-22T06:13:21" hostname="mac-studio.lan" time="0.001">
  <properties/>
  <testcase name="minorHasHigherFloor" classname="com.noop.analytics.RestNeedTest" time="0.0"/>
  <testcase name="zeroAndNegativeNightsIgnored" classname="com.noop.analytics.RestNeedTest" time="0.0"/>
  <testcase name="capsLongSleeper" classname="com.noop.analytics.RestNeedTest" time="0.0"/>
  <testcase name="coldStartReturnsPopulationDefault" classname="com.noop.analytics.RestNeedTest" time="0.0"/>
  <testcase name="nilAgeUsesAdultFloor" classname="com.noop.analytics.RestNeedTest" time="0.0"/>
  <testcase name="normalSleeperReflectsUnrestrictedNights" classname="com.noop.analytics.RestNeedTest" time="0.0"/>
  <testcase name="chronicUnderSleeperStaysAtFloor" classname="com.noop.analytics.RestNeedTest" time="0.001"/>
  <system-out><![CDATA[]]></system-out>
  <system-err><![CDATA[]]></system-err>
</testsuite>
