<?xml version="1.0" encoding="UTF-8"?>
<testsuite name="com.noop.analytics.Vo2maxCaloriesTest" tests="6" skipped="0" failures="0" errors="0" timestamp="2026-09-22T06:13:24" hostname="mac-studio.lan" time="0.0">
  <properties/>
  <testcase name="caloriesActiveAndRestingMale_matchesSwiftGolden" classname="com.noop.analytics.Vo2maxCaloriesTest" time="0.0"/>
  <testcase name="femaleAndNonbinaryFitnessCoeffs" classname="com.noop.analytics.Vo2maxCaloriesTest" time="0.0"/>
  <testcase name="activeRateUsesFitnessModelWhenVo2maxKnown" classname="com.noop.analytics.Vo2maxCaloriesTest" time="0.0"/>
  <testcase name="vo2maxForIsUthAndNullWithoutRestingHr" classname="com.noop.analytics.Vo2maxCaloriesTest" time="0.0"/>
  <testcase name="activeRateFallsBackToBaseWhenNoVo2max" classname="com.noop.analytics.Vo2maxCaloriesTest" time="0.0"/>
  <testcase name="boutThreadsVo2maxWhenRestingHrKnown" classname="com.noop.analytics.Vo2maxCaloriesTest" time="0.0"/>
  <system-out><![CDATA[]]></system-out>
  <system-err><![CDATA[]]></system-err>
</testsuite>
