<?xml version="1.0" encoding="UTF-8"?>
<testsuite name="com.noop.analytics.StrainBanisterDenominatorTest" tests="8" skipped="0" failures="0" errors="0" timestamp="2026-09-22T06:13:23" hostname="mac-studio.lan" time="0.001">
  <properties/>
  <testcase name="aSessionBelowTheFiftyPercentFloorScoresNothingUnderEdwards" classname="com.noop.analytics.StrainBanisterDenominatorTest" time="0.0"/>
  <testcase name="edwardsDenominatorWouldCapBanisterBelowFull" classname="com.noop.analytics.StrainBanisterDenominatorTest" time="0.001"/>
  <testcase name="theDenominatorIsCeilingMinusBaselinePlusOne" classname="com.noop.analytics.StrainBanisterDenominatorTest" time="0.0"/>
  <testcase name="theFemaleDenominatorIsSmaller" classname="com.noop.analytics.StrainBanisterDenominatorTest" time="0.0"/>
  <testcase name="aMaximumDayIsOneHundredUnderBothMethods" classname="com.noop.analytics.StrainBanisterDenominatorTest" time="0.0"/>
  <testcase name="theDailyCeilingIsTwentyFourHoursAtFullReserve" classname="com.noop.analytics.StrainBanisterDenominatorTest" time="0.0"/>
  <testcase name="intermittentWorkFaresBetterUnderBanister" classname="com.noop.analytics.StrainBanisterDenominatorTest" time="0.0"/>
  <testcase name="edwardsIsUnchangedAndStillTheDefault" classname="com.noop.analytics.StrainBanisterDenominatorTest" time="0.0"/>
  <system-out><![CDATA[]]></system-out>
  <system-err><![CDATA[]]></system-err>
</testsuite>
