<?xml version="1.0" encoding="UTF-8"?>
<testsuite name="com.noop.analytics.StressIndexTest" tests="6" skipped="0" failures="0" errors="0" timestamp="2026-09-22T06:13:23" hostname="mac-studio.lan" time="0.0">
  <properties/>
  <testcase name="degenerateRangeReturnsNull" classname="com.noop.analytics.StressIndexTest" time="0.0"/>
  <testcase name="tooFewBeatsReturnsNull" classname="com.noop.analytics.StressIndexTest" time="0.0"/>
  <testcase name="tighterHistogramRaisesSI" classname="com.noop.analytics.StressIndexTest" time="0.0"/>
  <testcase name="rrIntervalOverloadMatchesRaw" classname="com.noop.analytics.StressIndexTest" time="0.0"/>
  <testcase name="goldenStressIndexHandComputed" classname="com.noop.analytics.StressIndexTest" time="0.0"/>
  <testcase name="mostlyRejectedSpotCaptureReturnsNull" classname="com.noop.analytics.StressIndexTest" time="0.0"/>
  <system-out><![CDATA[]]></system-out>
  <system-err><![CDATA[]]></system-err>
</testsuite>
