<?xml version="1.0" encoding="UTF-8"?>
<testsuite name="com.noop.analytics.HrvIntegrationTest" tests="6" skipped="0" failures="0" errors="0" timestamp="2026-09-22T06:13:20" hostname="mac-studio.lan" time="0.034">
  <properties/>
  <testcase name="finalBinarySleepContextIsUsedWithoutUserAnnotation" classname="com.noop.analytics.HrvIntegrationTest" time="0.005"/>
  <testcase name="enginePublishesWindowArithmeticNotCachedVendorValueOrDeepOnlyPreference" classname="com.noop.analytics.HrvIntegrationTest" time="0.006"/>
  <testcase name="sessionLegacyRowsStayUnavailableWithReason" classname="com.noop.analytics.HrvIntegrationTest" time="0.004"/>
  <testcase name="stageFeaturesUseValidityWithoutSleepLabelAndCannotBypassQuality" classname="com.noop.analytics.HrvIntegrationTest" time="0.002"/>
  <testcase name="causalEngineExcludesIncompleteWindowsAndFutureContext" classname="com.noop.analytics.HrvIntegrationTest" time="0.003"/>
  <testcase name="retrospectiveMeasurementCutoffPublishesOnlyClosedWindows" classname="com.noop.analytics.HrvIntegrationTest" time="0.014"/>
  <system-out><![CDATA[]]></system-out>
  <system-err><![CDATA[]]></system-err>
</testsuite>
