<?xml version="1.0" encoding="UTF-8"?>
<testsuite name="com.noop.analytics.RecoveryIndexActivityBalanceTest" tests="6" skipped="0" failures="0" errors="0" timestamp="2026-09-22T06:13:21" hostname="mac-studio.lan" time="0.0">
  <properties/>
  <testcase name="activityBalanceDropsTermUnlessBothValueAndBaselineArePresent" classname="com.noop.analytics.RecoveryIndexActivityBalanceTest" time="0.0"/>
  <testcase name="recoveryIndexSteeperDeclineRaisesChargeMoreThanFlatOrRising" classname="com.noop.analytics.RecoveryIndexActivityBalanceTest" time="0.0"/>
  <testcase name="recoveryIndexAndActivityBalanceDefaultNullByteIdenticalToBefore" classname="com.noop.analytics.RecoveryIndexActivityBalanceTest" time="0.0"/>
  <testcase name="strainCfgIsBaselineRelativeOverDailyEffort" classname="com.noop.analytics.RecoveryIndexActivityBalanceTest" time="0.0"/>
  <testcase name="activityBalanceHighEffortYesterdayLowersChargeVsRestDay" classname="com.noop.analytics.RecoveryIndexActivityBalanceTest" time="0.0"/>
  <testcase name="strainCfgRegisteredWithEffortScaleBounds" classname="com.noop.analytics.RecoveryIndexActivityBalanceTest" time="0.0"/>
  <system-out><![CDATA[]]></system-out>
  <system-err><![CDATA[]]></system-err>
</testsuite>
