<?xml version="1.0" encoding="UTF-8"?>
<testsuite name="com.noop.analytics.EffortScoreFunnelTest" tests="3" skipped="0" failures="0" errors="0" timestamp="2026-09-22T06:13:20" hostname="mac-studio.lan" time="0.002">
  <properties/>
  <testcase name="a calm day reports the zero it measured" classname="com.noop.analytics.EffortScoreFunnelTest" time="0.001"/>
  <testcase name="a refusal is not a zero" classname="com.noop.analytics.EffortScoreFunnelTest" time="0.0"/>
  <testcase name="no diag sink means no line and no behaviour change" classname="com.noop.analytics.EffortScoreFunnelTest" time="0.001"/>
  <system-out><![CDATA[]]></system-out>
  <system-err><![CDATA[]]></system-err>
</testsuite>
