<?xml version="1.0" encoding="UTF-8"?>
<testsuite name="com.noop.analytics.VitalityEngineTest" tests="8" skipped="0" failures="0" errors="0" timestamp="2026-09-22T06:13:24" hostname="mac-studio.lan" time="0.001">
  <properties/>
  <testcase name="sleepConsistencyTest" classname="com.noop.analytics.VitalityEngineTest" time="0.0"/>
  <testcase name="clamps" classname="com.noop.analytics.VitalityEngineTest" time="0.001"/>
  <testcase name="healthyIsYounger" classname="com.noop.analytics.VitalityEngineTest" time="0.0"/>
  <testcase name="unhealthyIsOlder" classname="com.noop.analytics.VitalityEngineTest" time="0.0"/>
  <testcase name="nilBelowMinFactors" classname="com.noop.analytics.VitalityEngineTest" time="0.0"/>
  <testcase name="averageReadsAtTheirAge" classname="com.noop.analytics.VitalityEngineTest" time="0.0"/>
  <testcase name="rmssdNormByAge" classname="com.noop.analytics.VitalityEngineTest" time="0.0"/>
  <testcase name="contributionSigns" classname="com.noop.analytics.VitalityEngineTest" time="0.0"/>
  <system-out><![CDATA[]]></system-out>
  <system-err><![CDATA[]]></system-err>
</testsuite>
