<?xml version="1.0" encoding="UTF-8"?>
<testsuite name="com.noop.analytics.RecoveryDriversTest" tests="11" skipped="0" failures="0" errors="0" timestamp="2026-09-22T06:13:21" hostname="mac-studio.lan" time="0.002">
  <properties/>
  <testcase name="skinTempAndRespirationPreserveRawSemanticMeasurements" classname="com.noop.analytics.RecoveryDriversTest" time="0.001"/>
  <testcase name="allTermsPresentYieldOneRowEachInOrder" classname="com.noop.analytics.RecoveryDriversTest" time="0.0"/>
  <testcase name="noRowCarriesAnEmDash" classname="com.noop.analytics.RecoveryDriversTest" time="0.001"/>
  <testcase name="skinTempIsARelativeDeviationNeverAbsolute" classname="com.noop.analytics.RecoveryDriversTest" time="0.0"/>
  <testcase name="driverPointRoundingUsesNearestWithHalfTiesAwayFromZero" classname="com.noop.analytics.RecoveryDriversTest" time="0.0"/>
  <testcase name="deltaSignTracksDirection" classname="com.noop.analytics.RecoveryDriversTest" time="0.0"/>
  <testcase name="issue51NegativeHalfTieUsesDefaultArg8WithoutChangingScoreOrDriverFields" classname="com.noop.analytics.RecoveryDriversTest" time="0.0"/>
  <testcase name="chargeConfidenceTierIsSurfacedNotRecomputed" classname="com.noop.analytics.RecoveryDriversTest" time="0.0"/>
  <testcase name="exactPositiveAndNegativeTiesRoundAwayFromZero" classname="com.noop.analytics.RecoveryDriversTest" time="0.0"/>
  <testcase name="coldStartYieldsEmptyDrivers" classname="com.noop.analytics.RecoveryDriversTest" time="0.0"/>
  <testcase name="missingInputYieldsNoRowNotAFakeZero" classname="com.noop.analytics.RecoveryDriversTest" time="0.0"/>
  <system-out><![CDATA[]]></system-out>
  <system-err><![CDATA[]]></system-err>
</testsuite>
