<?xml version="1.0" encoding="UTF-8"?>
<testsuite name="com.noop.analytics.NightlySpo2RawTest" tests="5" skipped="0" failures="0" errors="0" timestamp="2026-09-22T06:13:21" hostname="mac-studio.lan" time="0.0">
  <properties/>
  <testcase name="inWindowSamples_averageRedAndIrSeparately" classname="com.noop.analytics.NightlySpo2RawTest" time="0.0"/>
  <testcase name="samplesOutsideEveryWindow_returnNull" classname="com.noop.analytics.NightlySpo2RawTest" time="0.0"/>
  <testcase name="onlyInWindowSamplesCount_boundariesInclusive" classname="com.noop.analytics.NightlySpo2RawTest" time="0.0"/>
  <testcase name="multipleSessions_unionOfWindows" classname="com.noop.analytics.NightlySpo2RawTest" time="0.0"/>
  <testcase name="emptyInputs_returnNull" classname="com.noop.analytics.NightlySpo2RawTest" time="0.0"/>
  <system-out><![CDATA[]]></system-out>
  <system-err><![CDATA[]]></system-err>
</testsuite>
