<?xml version="1.0" encoding="UTF-8"?>
<testsuite name="com.noop.analytics.RrCoverageVerdictTest" tests="12" skipped="0" failures="0" errors="0" timestamp="2026-09-22T06:13:21" hostname="mac-studio.lan" time="0.0">
  <properties/>
  <testcase name="collapsedAboveCoverageStillClassifiesOnCoverageFirst" classname="com.noop.analytics.RrCoverageVerdictTest" time="0.0"/>
  <testcase name="nonFiniteCoverageIsUnmeasurableOnBothPlatforms" classname="com.noop.analytics.RrCoverageVerdictTest" time="0.0"/>
  <testcase name="ceilingIsInclusive" classname="com.noop.analytics.RrCoverageVerdictTest" time="0.0"/>
  <testcase name="anAlmostEmptyNightIsUnderCovered" classname="com.noop.analytics.RrCoverageVerdictTest" time="0.0"/>
  <testcase name="floorIsInclusive" classname="com.noop.analytics.RrCoverageVerdictTest" time="0.0"/>
  <testcase name="collapseRecoveringRangeMeansSameSecond" classname="com.noop.analytics.RrCoverageVerdictTest" time="0.0"/>
  <testcase name="unmeasurableWindowIsNotReportedAsClean" classname="com.noop.analytics.RrCoverageVerdictTest" time="0.0"/>
  <testcase name="realCrossSecondCaptureIsNotFixableBySameSecondDedup" classname="com.noop.analytics.RrCoverageVerdictTest" time="0.0"/>
  <testcase name="floorMirrorsCeiling" classname="com.noop.analytics.RrCoverageVerdictTest" time="0.0"/>
  <testcase name="nineTenthsOfANightIsNotAFitAnyMore" classname="com.noop.analytics.RrCoverageVerdictTest" time="0.0"/>
  <testcase name="aCleanNightIsStillPlausible" classname="com.noop.analytics.RrCoverageVerdictTest" time="0.0"/>
  <testcase name="theReportedUnderCoveredNightIsNamed" classname="com.noop.analytics.RrCoverageVerdictTest" time="0.0"/>
  <system-out><![CDATA[]]></system-out>
  <system-err><![CDATA[]]></system-err>
</testsuite>
