<?xml version="1.0" encoding="UTF-8"?>
<testsuite name="com.noop.analytics.EffectiveEffortTest" tests="10" skipped="0" failures="0" errors="0" timestamp="2026-09-22T06:13:20" hostname="mac-studio.lan" time="0.0">
  <properties/>
  <testcase name="noLiveValueUsesTheStoredRow" classname="com.noop.analytics.EffectiveEffortTest" time="0.0"/>
  <testcase name="aGenuineZeroIsKept" classname="com.noop.analytics.EffectiveEffortTest" time="0.0"/>
  <testcase name="bothPresentNonzeroAndNaNBehaviorIsUnchanged" classname="com.noop.analytics.EffectiveEffortTest" time="0.0"/>
  <testcase name="noStoredRowUsesTheLiveValue" classname="com.noop.analytics.EffectiveEffortTest" time="0.0"/>
  <testcase name="bothPresentZerosCanonicalizePositiveZero" classname="com.noop.analytics.EffectiveEffortTest" time="0.0"/>
  <testcase name="neitherSourceIsNull" classname="com.noop.analytics.EffectiveEffortTest" time="0.0"/>
  <testcase name="liveAheadOfAStaleRowWins" classname="com.noop.analytics.EffectiveEffortTest" time="0.0"/>
  <testcase name="equalSourcesResolveToThatValue" classname="com.noop.analytics.EffectiveEffortTest" time="0.0"/>
  <testcase name="singleSourcePassesThroughBitForBit" classname="com.noop.analytics.EffectiveEffortTest" time="0.0"/>
  <testcase name="aStoredValueFloorsALiveUnderRead" classname="com.noop.analytics.EffectiveEffortTest" time="0.0"/>
  <system-out><![CDATA[]]></system-out>
  <system-err><![CDATA[]]></system-err>
</testsuite>
