<?xml version="1.0" encoding="UTF-8"?>
<testsuite name="com.noop.analytics.SleepEvidenceTest" tests="6" skipped="0" failures="0" errors="0" timestamp="2026-09-22T06:13:21" hostname="mac-studio.lan" time="0.059">
  <properties/>
  <testcase name="invalidHrAndGravityDoNotCreateEvidenceInEitherStager" classname="com.noop.analytics.SleepEvidenceTest" time="0.003"/>
  <testcase name="emptyAndInteriorMissingEpochsAbstain" classname="com.noop.analytics.SleepEvidenceTest" time="0.0"/>
  <testcase name="independentContextAndCausalFutureInvariance" classname="com.noop.analytics.SleepEvidenceTest" time="0.001"/>
  <testcase name="sharedEvidenceOracle" classname="com.noop.analytics.SleepEvidenceTest" time="0.002"/>
  <testcase name="invalidPlaceholdersCannotChangeSparseFeaturesOrCachedResults" classname="com.noop.analytics.SleepEvidenceTest" time="0.009"/>
  <testcase name="unknownDayUnavailableAndLateShiftUsesExactBounds" classname="com.noop.analytics.SleepEvidenceTest" time="0.044"/>
  <system-out><![CDATA[]]></system-out>
  <system-err><![CDATA[]]></system-err>
</testsuite>
