<?xml version="1.0" encoding="UTF-8"?>
<testsuite name="com.noop.analytics.HrvCollapseOverCountTest" tests="4" skipped="0" failures="0" errors="0" timestamp="2026-09-22T06:13:20" hostname="mac-studio.lan" time="0.001">
  <properties/>
  <testcase name="collapseOverCount_leavesACleanStreamUntouched" classname="com.noop.analytics.HrvCollapseOverCountTest" time="0.0"/>
  <testcase name="collapseOverCount_windowSecCrossSecondIsAnAggressiveUpperBound" classname="com.noop.analytics.HrvCollapseOverCountTest" time="0.0"/>
  <testcase name="collapseOverCount_recoversOneBeatPerInterval" classname="com.noop.analytics.HrvCollapseOverCountTest" time="0.0"/>
  <testcase name="collapseOverCount_exactDupOnlyKeepsTheChannelTwin" classname="com.noop.analytics.HrvCollapseOverCountTest" time="0.0"/>
  <system-out><![CDATA[]]></system-out>
  <system-err><![CDATA[]]></system-err>
</testsuite>
