<?xml version="1.0" encoding="UTF-8"?>
<testsuite name="com.noop.analytics.HrvAnalyzerSdnnIndexTest" tests="6" skipped="0" failures="0" errors="0" timestamp="2026-09-22T06:13:20" hostname="mac-studio.lan" time="0.002">
  <properties/>
  <testcase name="rejectsEmptySparseAndNonPositiveSegments" classname="com.noop.analytics.HrvAnalyzerSdnnIndexTest" time="0.001"/>
  <testcase name="oneQualifyingConstantSegmentIsZero" classname="com.noop.analytics.HrvAnalyzerSdnnIndexTest" time="0.0"/>
  <testcase name="skipsSegmentsThatDoNotHaveTwentyCleanIntervals" classname="com.noop.analytics.HrvAnalyzerSdnnIndexTest" time="0.0"/>
  <testcase name="oneSegmentMatchesSampleSdnn" classname="com.noop.analytics.HrvAnalyzerSdnnIndexTest" time="0.0"/>
  <testcase name="stripsInterSegmentDrift" classname="com.noop.analytics.HrvAnalyzerSdnnIndexTest" time="0.001"/>
  <testcase name="averagesQualifyingSegmentsAndUsesInclusiveBoundaries" classname="com.noop.analytics.HrvAnalyzerSdnnIndexTest" time="0.0"/>
  <system-out><![CDATA[]]></system-out>
  <system-err><![CDATA[]]></system-err>
</testsuite>
